{"/Users/mertaksehirlioglu/my-meal-tracker/composables/useAuth.ts": {"path":"/Users/mertaksehirlioglu/my-meal-tracker/composables/useAuth.ts","statementMap":{"0":{"start":{"line":3,"column":6},"end":{"line":3,"column":null}},"1":{"start":{"line":4,"column":6},"end":{"line":4,"column":null}},"2":{"start":{"line":6,"column":27},"end":{"line":6,"column":null}},"3":{"start":{"line":7,"column":30},"end":{"line":7,"column":null}},"4":{"start":{"line":10,"column":19},"end":{"line":10,"column":null}},"5":{"start":{"line":11,"column":15},"end":{"line":11,"column":null}},"6":{"start":{"line":13,"column":25},"end":{"line":29,"column":null}},"7":{"start":{"line":14,"column":19},"end":{"line":14,"column":null}},"8":{"start":{"line":15,"column":4},"end":{"line":26,"column":null}},"9":{"start":{"line":18,"column":10},"end":{"line":18,"column":null}},"10":{"start":{"line":20,"column":6},"end":{"line":22,"column":null}},"11":{"start":{"line":21,"column":8},"end":{"line":21,"column":null}},"12":{"start":{"line":24,"column":6},"end":{"line":24,"column":null}},"13":{"start":{"line":24,"column":37},"end":{"line":24,"column":79}},"14":{"start":{"line":25,"column":6},"end":{"line":25,"column":null}},"15":{"start":{"line":28,"column":4},"end":{"line":28,"column":null}},"16":{"start":{"line":31,"column":22},"end":{"line":43,"column":null}},"17":{"start":{"line":32,"column":19},"end":{"line":32,"column":null}},"18":{"start":{"line":33,"column":4},"end":{"line":40,"column":null}},"19":{"start":{"line":34,"column":6},"end":{"line":36,"column":null}},"20":{"start":{"line":35,"column":8},"end":{"line":35,"column":null}},"21":{"start":{"line":38,"column":6},"end":{"line":38,"column":null}},"22":{"start":{"line":38,"column":37},"end":{"line":38,"column":79}},"23":{"start":{"line":39,"column":6},"end":{"line":39,"column":null}},"24":{"start":{"line":42,"column":4},"end":{"line":42,"column":null}},"25":{"start":{"line":46,"column":8},"end":{"line":50,"column":null}},"26":{"start":{"line":47,"column":19},"end":{"line":47,"column":null}},"27":{"start":{"line":48,"column":22},"end":{"line":48,"column":null}},"28":{"start":{"line":49,"column":4},"end":{"line":49,"column":null}},"29":{"start":{"line":53,"column":16},"end":{"line":63,"column":null}},"30":{"start":{"line":54,"column":4},"end":{"line":54,"column":null}},"31":{"start":{"line":55,"column":4},"end":{"line":55,"column":null}},"32":{"start":{"line":56,"column":33},"end":{"line":59,"column":null}},"33":{"start":{"line":60,"column":4},"end":{"line":60,"column":null}},"34":{"start":{"line":60,"column":19},"end":{"line":60,"column":null}},"35":{"start":{"line":61,"column":4},"end":{"line":61,"column":null}},"36":{"start":{"line":62,"column":4},"end":{"line":62,"column":null}},"37":{"start":{"line":66,"column":20},"end":{"line":114,"column":null}},"38":{"start":{"line":67,"column":4},"end":{"line":67,"column":null}},"39":{"start":{"line":68,"column":4},"end":{"line":68,"column":null}},"40":{"start":{"line":70,"column":4},"end":{"line":110,"column":null}},"41":{"start":{"line":71,"column":23},"end":{"line":71,"column":null}},"42":{"start":{"line":73,"column":6},"end":{"line":78,"column":null}},"43":{"start":{"line":74,"column":21},"end":{"line":74,"column":null}},"44":{"start":{"line":74,"column":56},"end":{"line":74,"column":59}},"45":{"start":{"line":75,"column":8},"end":{"line":75,"column":null}},"46":{"start":{"line":76,"column":8},"end":{"line":76,"column":null}},"47":{"start":{"line":77,"column":8},"end":{"line":77,"column":null}},"48":{"start":{"line":80,"column":19},"end":{"line":80,"column":null}},"49":{"start":{"line":81,"column":26},"end":{"line":81,"column":null}},"50":{"start":{"line":83,"column":6},"end":{"line":87,"column":null}},"51":{"start":{"line":84,"column":8},"end":{"line":84,"column":null}},"52":{"start":{"line":85,"column":8},"end":{"line":85,"column":null}},"53":{"start":{"line":86,"column":8},"end":{"line":86,"column":null}},"54":{"start":{"line":90,"column":41},"end":{"line":93,"column":null}},"55":{"start":{"line":95,"column":6},"end":{"line":107,"column":null}},"56":{"start":{"line":96,"column":8},"end":{"line":96,"column":null}},"57":{"start":{"line":98,"column":22},"end":{"line":98,"column":null}},"58":{"start":{"line":99,"column":8},"end":{"line":106,"column":null}},"59":{"start":{"line":101,"column":12},"end":{"line":101,"column":null}},"60":{"start":{"line":103,"column":10},"end":{"line":105,"column":null}},"61":{"start":{"line":104,"column":12},"end":{"line":104,"column":null}},"62":{"start":{"line":109,"column":6},"end":{"line":109,"column":null}},"63":{"start":{"line":112,"column":4},"end":{"line":112,"column":null}},"64":{"start":{"line":113,"column":4},"end":{"line":113,"column":null}},"65":{"start":{"line":117,"column":19},"end":{"line":124,"column":null}},"66":{"start":{"line":118,"column":4},"end":{"line":118,"column":null}},"67":{"start":{"line":119,"column":4},"end":{"line":119,"column":null}},"68":{"start":{"line":120,"column":33},"end":{"line":120,"column":null}},"69":{"start":{"line":121,"column":4},"end":{"line":121,"column":null}},"70":{"start":{"line":121,"column":19},"end":{"line":121,"column":null}},"71":{"start":{"line":122,"column":4},"end":{"line":122,"column":null}},"72":{"start":{"line":123,"column":4},"end":{"line":123,"column":null}},"73":{"start":{"line":127,"column":17},"end":{"line":134,"column":null}},"74":{"start":{"line":128,"column":4},"end":{"line":128,"column":null}},"75":{"start":{"line":129,"column":4},"end":{"line":129,"column":null}},"76":{"start":{"line":130,"column":36},"end":{"line":130,"column":null}},"77":{"start":{"line":131,"column":4},"end":{"line":131,"column":null}},"78":{"start":{"line":131,"column":22},"end":{"line":131,"column":null}},"79":{"start":{"line":132,"column":4},"end":{"line":132,"column":null}},"80":{"start":{"line":133,"column":4},"end":{"line":133,"column":null}},"81":{"start":{"line":137,"column":24},"end":{"line":146,"column":null}},"82":{"start":{"line":138,"column":4},"end":{"line":138,"column":null}},"83":{"start":{"line":139,"column":4},"end":{"line":139,"column":null}},"84":{"start":{"line":140,"column":35},"end":{"line":142,"column":null}},"85":{"start":{"line":143,"column":4},"end":{"line":143,"column":null}},"86":{"start":{"line":143,"column":21},"end":{"line":143,"column":null}},"87":{"start":{"line":144,"column":4},"end":{"line":144,"column":null}},"88":{"start":{"line":145,"column":4},"end":{"line":145,"column":null}},"89":{"start":{"line":149,"column":21},"end":{"line":151,"column":null}},"90":{"start":{"line":150,"column":4},"end":{"line":150,"column":null}},"91":{"start":{"line":153,"column":8},"end":{"line":153,"column":null}},"92":{"start":{"line":153,"column":41},"end":{"line":153,"column":53}},"93":{"start":{"line":155,"column":2},"end":{"line":168,"column":null}},"94":{"start":{"line":156,"column":25},"end":{"line":156,"column":35}}},"fnMap":{"0":{"name":"useAuth","decl":{"start":{"line":9,"column":16},"end":{"line":9,"column":26}},"loc":{"start":{"line":9,"column":26},"end":{"line":169,"column":null}},"line":9},"1":{"name":"(anonymous_1)","decl":{"start":{"line":13,"column":25},"end":{"line":13,"column":55}},"loc":{"start":{"line":13,"column":55},"end":{"line":29,"column":null}},"line":13},"2":{"name":"(anonymous_2)","decl":{"start":{"line":24,"column":24},"end":{"line":24,"column":25}},"loc":{"start":{"line":24,"column":37},"end":{"line":24,"column":79}},"line":24},"3":{"name":"(anonymous_3)","decl":{"start":{"line":31,"column":22},"end":{"line":31,"column":52}},"loc":{"start":{"line":31,"column":52},"end":{"line":43,"column":null}},"line":31},"4":{"name":"(anonymous_4)","decl":{"start":{"line":38,"column":24},"end":{"line":38,"column":25}},"loc":{"start":{"line":38,"column":37},"end":{"line":38,"column":79}},"line":38},"5":{"name":"(anonymous_5)","decl":{"start":{"line":46,"column":30},"end":{"line":46,"column":36}},"loc":{"start":{"line":46,"column":36},"end":{"line":50,"column":3}},"line":46},"6":{"name":"(anonymous_6)","decl":{"start":{"line":53,"column":16},"end":{"line":53,"column":23}},"loc":{"start":{"line":53,"column":59},"end":{"line":63,"column":null}},"line":53},"7":{"name":"(anonymous_7)","decl":{"start":{"line":66,"column":20},"end":{"line":66,"column":32}},"loc":{"start":{"line":66,"column":32},"end":{"line":114,"column":null}},"line":66},"8":{"name":"(anonymous_8)","decl":{"start":{"line":74,"column":49},"end":{"line":74,"column":56}},"loc":{"start":{"line":74,"column":56},"end":{"line":74,"column":59}},"line":74},"9":{"name":"(anonymous_9)","decl":{"start":{"line":117,"column":19},"end":{"line":117,"column":26}},"loc":{"start":{"line":117,"column":62},"end":{"line":124,"column":null}},"line":117},"10":{"name":"(anonymous_10)","decl":{"start":{"line":127,"column":17},"end":{"line":127,"column":29}},"loc":{"start":{"line":127,"column":29},"end":{"line":134,"column":null}},"line":127},"11":{"name":"(anonymous_11)","decl":{"start":{"line":137,"column":24},"end":{"line":137,"column":31}},"loc":{"start":{"line":137,"column":62},"end":{"line":146,"column":null}},"line":137},"12":{"name":"(anonymous_12)","decl":{"start":{"line":149,"column":21},"end":{"line":149,"column":27}},"loc":{"start":{"line":149,"column":27},"end":{"line":151,"column":null}},"line":149},"13":{"name":"(anonymous_13)","decl":{"start":{"line":153,"column":35},"end":{"line":153,"column":41}},"loc":{"start":{"line":153,"column":41},"end":{"line":153,"column":53}},"line":153},"14":{"name":"(anonymous_14)","decl":{"start":{"line":156,"column":19},"end":{"line":156,"column":25}},"loc":{"start":{"line":156,"column":25},"end":{"line":156,"column":35}},"line":156}},"branchMap":{"0":{"loc":{"start":{"line":20,"column":6},"end":{"line":22,"column":null}},"type":"if","locations":[{"start":{"line":20,"column":6},"end":{"line":22,"column":null}},{"start":{},"end":{}}],"line":20},"1":{"loc":{"start":{"line":34,"column":6},"end":{"line":36,"column":null}},"type":"if","locations":[{"start":{"line":34,"column":6},"end":{"line":36,"column":null}},{"start":{},"end":{}}],"line":34},"2":{"loc":{"start":{"line":60,"column":4},"end":{"line":60,"column":null}},"type":"if","locations":[{"start":{"line":60,"column":4},"end":{"line":60,"column":null}},{"start":{},"end":{}}],"line":60},"3":{"loc":{"start":{"line":73,"column":6},"end":{"line":78,"column":null}},"type":"if","locations":[{"start":{"line":73,"column":6},"end":{"line":78,"column":null}},{"start":{},"end":{}}],"line":73},"4":{"loc":{"start":{"line":75,"column":22},"end":{"line":75,"column":null}},"type":"binary-expr","locations":[{"start":{"line":75,"column":22},"end":{"line":75,"column":45}},{"start":{"line":75,"column":45},"end":{"line":75,"column":null}}],"line":75},"5":{"loc":{"start":{"line":83,"column":6},"end":{"line":87,"column":null}},"type":"if","locations":[{"start":{"line":83,"column":6},"end":{"line":87,"column":null}},{"start":{},"end":{}}],"line":83},"6":{"loc":{"start":{"line":95,"column":6},"end":{"line":107,"column":null}},"type":"if","locations":[{"start":{"line":95,"column":6},"end":{"line":107,"column":null}},{"start":{"line":97,"column":13},"end":{"line":107,"column":null}}],"line":95},"7":{"loc":{"start":{"line":99,"column":8},"end":{"line":106,"column":null}},"type":"if","locations":[{"start":{"line":99,"column":8},"end":{"line":106,"column":null}},{"start":{},"end":{}}],"line":99},"8":{"loc":{"start":{"line":103,"column":10},"end":{"line":105,"column":null}},"type":"if","locations":[{"start":{"line":103,"column":10},"end":{"line":105,"column":null}},{"start":{},"end":{}}],"line":103},"9":{"loc":{"start":{"line":103,"column":14},"end":{"line":103,"column":64}},"type":"binary-expr","locations":[{"start":{"line":103,"column":14},"end":{"line":103,"column":30}},{"start":{"line":103,"column":30},"end":{"line":103,"column":64}}],"line":103},"10":{"loc":{"start":{"line":109,"column":20},"end":{"line":109,"column":null}},"type":"cond-expr","locations":[{"start":{"line":109,"column":43},"end":{"line":109,"column":57}},{"start":{"line":109,"column":57},"end":{"line":109,"column":null}}],"line":109},"11":{"loc":{"start":{"line":121,"column":4},"end":{"line":121,"column":null}},"type":"if","locations":[{"start":{"line":121,"column":4},"end":{"line":121,"column":null}},{"start":{},"end":{}}],"line":121},"12":{"loc":{"start":{"line":131,"column":4},"end":{"line":131,"column":null}},"type":"if","locations":[{"start":{"line":131,"column":4},"end":{"line":131,"column":null}},{"start":{},"end":{}}],"line":131},"13":{"loc":{"start":{"line":143,"column":4},"end":{"line":143,"column":null}},"type":"if","locations":[{"start":{"line":143,"column":4},"end":{"line":143,"column":null}},{"start":{},"end":{}}],"line":143}},"s":{"0":0,"1":0,"2":0,"3":0,"4":0,"5":0,"6":0,"7":0,"8":0,"9":0,"10":0,"11":0,"12":0,"13":0,"14":0,"15":0,"16":0,"17":0,"18":0,"19":0,"20":0,"21":0,"22":0,"23":0,"24":0,"25":0,"26":0,"27":0,"28":0,"29":0,"30":0,"31":0,"32":0,"33":0,"34":0,"35":0,"36":0,"37":0,"38":0,"39":0,"40":0,"41":0,"42":0,"43":0,"44":0,"45":0,"46":0,"47":0,"48":0,"49":0,"50":0,"51":0,"52":0,"53":0,"54":0,"55":0,"56":0,"57":0,"58":0,"59":0,"60":0,"61":0,"62":0,"63":0,"64":0,"65":0,"66":0,"67":0,"68":0,"69":0,"70":0,"71":0,"72":0,"73":0,"74":0,"75":0,"76":0,"77":0,"78":0,"79":0,"80":0,"81":0,"82":0,"83":0,"84":0,"85":0,"86":0,"87":0,"88":0,"89":0,"90":0,"91":0,"92":0,"93":0,"94":0},"f":{"0":0,"1":0,"2":0,"3":0,"4":0,"5":0,"6":0,"7":0,"8":0,"9":0,"10":0,"11":0,"12":0,"13":0,"14":0},"b":{"0":[0,0],"1":[0,0],"2":[0,0],"3":[0,0],"4":[0,0],"5":[0,0],"6":[0,0],"7":[0,0],"8":[0,0],"9":[0,0],"10":[0,0],"11":[0,0],"12":[0,0],"13":[0,0]},"meta":{"lastBranch":14,"lastFunction":15,"lastStatement":95,"seen":{"s:3:6:3:Infinity":0,"s:4:6:4:Infinity":1,"s:6:27:6:Infinity":2,"s:7:30:7:Infinity":3,"f:9:16:9:26":0,"s:10:19:10:Infinity":4,"s:11:15:11:Infinity":5,"s:13:25:29:Infinity":6,"f:13:25:13:55":1,"s:14:19:14:Infinity":7,"s:15:4:26:Infinity":8,"s:18:10:18:Infinity":9,"b:20:6:22:Infinity:undefined:undefined:undefined:undefined":0,"s:20:6:22:Infinity":10,"s:21:8:21:Infinity":11,"s:24:6:24:Infinity":12,"f:24:24:24:25":2,"s:24:37:24:79":13,"s:25:6:25:Infinity":14,"s:28:4:28:Infinity":15,"s:31:22:43:Infinity":16,"f:31:22:31:52":3,"s:32:19:32:Infinity":17,"s:33:4:40:Infinity":18,"b:34:6:36:Infinity:undefined:undefined:undefined:undefined":1,"s:34:6:36:Infinity":19,"s:35:8:35:Infinity":20,"s:38:6:38:Infinity":21,"f:38:24:38:25":4,"s:38:37:38:79":22,"s:39:6:39:Infinity":23,"s:42:4:42:Infinity":24,"s:46:8:50:Infinity":25,"f:46:30:46:36":5,"s:47:19:47:Infinity":26,"s:48:22:48:Infinity":27,"s:49:4:49:Infinity":28,"s:53:16:63:Infinity":29,"f:53:16:53:23":6,"s:54:4:54:Infinity":30,"s:55:4:55:Infinity":31,"s:56:33:59:Infinity":32,"b:60:4:60:Infinity:undefined:undefined:undefined:undefined":2,"s:60:4:60:Infinity":33,"s:60:19:60:Infinity":34,"s:61:4:61:Infinity":35,"s:62:4:62:Infinity":36,"s:66:20:114:Infinity":37,"f:66:20:66:32":7,"s:67:4:67:Infinity":38,"s:68:4:68:Infinity":39,"s:70:4:110:Infinity":40,"s:71:23:71:Infinity":41,"b:73:6:78:Infinity:undefined:undefined:undefined:undefined":3,"s:73:6:78:Infinity":42,"s:74:21:74:Infinity":43,"f:74:49:74:56":8,"s:74:56:74:59":44,"s:75:8:75:Infinity":45,"b:75:22:75:45:75:45:75:Infinity":4,"s:76:8:76:Infinity":46,"s:77:8:77:Infinity":47,"s:80:19:80:Infinity":48,"s:81:26:81:Infinity":49,"b:83:6:87:Infinity:undefined:undefined:undefined:undefined":5,"s:83:6:87:Infinity":50,"s:84:8:84:Infinity":51,"s:85:8:85:Infinity":52,"s:86:8:86:Infinity":53,"s:90:41:93:Infinity":54,"b:95:6:107:Infinity:97:13:107:Infinity":6,"s:95:6:107:Infinity":55,"s:96:8:96:Infinity":56,"s:98:22:98:Infinity":57,"b:99:8:106:Infinity:undefined:undefined:undefined:undefined":7,"s:99:8:106:Infinity":58,"s:101:12:101:Infinity":59,"b:103:10:105:Infinity:undefined:undefined:undefined:undefined":8,"s:103:10:105:Infinity":60,"b:103:14:103:30:103:30:103:64":9,"s:104:12:104:Infinity":61,"s:109:6:109:Infinity":62,"b:109:43:109:57:109:57:109:Infinity":10,"s:112:4:112:Infinity":63,"s:113:4:113:Infinity":64,"s:117:19:124:Infinity":65,"f:117:19:117:26":9,"s:118:4:118:Infinity":66,"s:119:4:119:Infinity":67,"s:120:33:120:Infinity":68,"b:121:4:121:Infinity:undefined:undefined:undefined:undefined":11,"s:121:4:121:Infinity":69,"s:121:19:121:Infinity":70,"s:122:4:122:Infinity":71,"s:123:4:123:Infinity":72,"s:127:17:134:Infinity":73,"f:127:17:127:29":10,"s:128:4:128:Infinity":74,"s:129:4:129:Infinity":75,"s:130:36:130:Infinity":76,"b:131:4:131:Infinity:undefined:undefined:undefined:undefined":12,"s:131:4:131:Infinity":77,"s:131:22:131:Infinity":78,"s:132:4:132:Infinity":79,"s:133:4:133:Infinity":80,"s:137:24:146:Infinity":81,"f:137:24:137:31":11,"s:138:4:138:Infinity":82,"s:139:4:139:Infinity":83,"s:140:35:142:Infinity":84,"b:143:4:143:Infinity:undefined:undefined:undefined:undefined":13,"s:143:4:143:Infinity":85,"s:143:21:143:Infinity":86,"s:144:4:144:Infinity":87,"s:145:4:145:Infinity":88,"s:149:21:151:Infinity":89,"f:149:21:149:27":12,"s:150:4:150:Infinity":90,"s:153:8:153:Infinity":91,"f:153:35:153:41":13,"s:153:41:153:53":92,"s:155:2:168:Infinity":93,"f:156:19:156:25":14,"s:156:25:156:35":94}}}
,"/Users/mertaksehirlioglu/my-meal-tracker/composables/useAuthenticatedFetch.ts": {"path":"/Users/mertaksehirlioglu/my-meal-tracker/composables/useAuthenticatedFetch.ts","statementMap":{"0":{"start":{"line":5,"column":37},"end":{"line":62,"column":null}},"1":{"start":{"line":6,"column":19},"end":{"line":6,"column":null}},"2":{"start":{"line":8,"column":25},"end":{"line":27,"column":null}},"3":{"start":{"line":11,"column":8},"end":{"line":11,"column":null}},"4":{"start":{"line":13,"column":4},"end":{"line":15,"column":null}},"5":{"start":{"line":14,"column":6},"end":{"line":14,"column":null}},"6":{"start":{"line":20,"column":6},"end":{"line":20,"column":null}},"7":{"start":{"line":22,"column":4},"end":{"line":24,"column":null}},"8":{"start":{"line":23,"column":6},"end":{"line":23,"column":null}},"9":{"start":{"line":26,"column":4},"end":{"line":26,"column":null}},"10":{"start":{"line":29,"column":29},"end":{"line":59,"column":null}},"11":{"start":{"line":33,"column":24},"end":{"line":33,"column":null}},"12":{"start":{"line":35,"column":4},"end":{"line":37,"column":null}},"13":{"start":{"line":36,"column":6},"end":{"line":36,"column":null}},"14":{"start":{"line":40,"column":51},"end":{"line":42,"column":null}},"15":{"start":{"line":45,"column":4},"end":{"line":47,"column":null}},"16":{"start":{"line":46,"column":6},"end":{"line":46,"column":null}},"17":{"start":{"line":49,"column":20},"end":{"line":52,"column":null}},"18":{"start":{"line":55,"column":4},"end":{"line":58,"column":null}},"19":{"start":{"line":61,"column":2},"end":{"line":61,"column":null}}},"fnMap":{"0":{"name":"(anonymous_0)","decl":{"start":{"line":5,"column":37},"end":{"line":5,"column":43}},"loc":{"start":{"line":5,"column":43},"end":{"line":62,"column":null}},"line":5},"1":{"name":"(anonymous_1)","decl":{"start":{"line":8,"column":25},"end":{"line":8,"column":61}},"loc":{"start":{"line":8,"column":61},"end":{"line":27,"column":null}},"line":8},"2":{"name":"(anonymous_2)","decl":{"start":{"line":29,"column":29},"end":{"line":29,"column":null}},"loc":{"start":{"line":32,"column":26},"end":{"line":59,"column":null}},"line":32}},"branchMap":{"0":{"loc":{"start":{"line":13,"column":4},"end":{"line":15,"column":null}},"type":"if","locations":[{"start":{"line":13,"column":4},"end":{"line":15,"column":null}},{"start":{},"end":{}}],"line":13},"1":{"loc":{"start":{"line":22,"column":4},"end":{"line":24,"column":null}},"type":"if","locations":[{"start":{"line":22,"column":4},"end":{"line":24,"column":null}},{"start":{},"end":{}}],"line":22},"2":{"loc":{"start":{"line":26,"column":11},"end":{"line":26,"column":null}},"type":"binary-expr","locations":[{"start":{"line":26,"column":11},"end":{"line":26,"column":46}},{"start":{"line":26,"column":46},"end":{"line":26,"column":null}}],"line":26},"3":{"loc":{"start":{"line":31,"column":4},"end":{"line":31,"column":null}},"type":"default-arg","locations":[{"start":{"line":31,"column":27},"end":{"line":31,"column":null}}],"line":31},"4":{"loc":{"start":{"line":35,"column":4},"end":{"line":37,"column":null}},"type":"if","locations":[{"start":{"line":35,"column":4},"end":{"line":37,"column":null}},{"start":{},"end":{}}],"line":35},"5":{"loc":{"start":{"line":45,"column":4},"end":{"line":47,"column":null}},"type":"if","locations":[{"start":{"line":45,"column":4},"end":{"line":47,"column":null}},{"start":{},"end":{}}],"line":45},"6":{"loc":{"start":{"line":51,"column":10},"end":{"line":51,"column":null}},"type":"binary-expr","locations":[{"start":{"line":51,"column":10},"end":{"line":51,"column":29}},{"start":{"line":51,"column":29},"end":{"line":51,"column":null}}],"line":51}},"s":{"0":0,"1":0,"2":0,"3":0,"4":0,"5":0,"6":0,"7":0,"8":0,"9":0,"10":0,"11":0,"12":0,"13":0,"14":0,"15":0,"16":0,"17":0,"18":0,"19":0},"f":{"0":0,"1":0,"2":0},"b":{"0":[0,0],"1":[0,0],"2":[0,0],"3":[0],"4":[0,0],"5":[0,0],"6":[0,0]},"meta":{"lastBranch":7,"lastFunction":3,"lastStatement":20,"seen":{"s:5:37:62:Infinity":0,"f:5:37:5:43":0,"s:6:19:6:Infinity":1,"s:8:25:27:Infinity":2,"f:8:25:8:61":1,"s:11:8:11:Infinity":3,"b:13:4:15:Infinity:undefined:undefined:undefined:undefined":0,"s:13:4:15:Infinity":4,"s:14:6:14:Infinity":5,"s:20:6:20:Infinity":6,"b:22:4:24:Infinity:undefined:undefined:undefined:undefined":1,"s:22:4:24:Infinity":7,"s:23:6:23:Infinity":8,"s:26:4:26:Infinity":9,"b:26:11:26:46:26:46:26:Infinity":2,"s:29:29:59:Infinity":10,"f:29:29:29:Infinity":2,"b:31:27:31:Infinity":3,"s:33:24:33:Infinity":11,"b:35:4:37:Infinity:undefined:undefined:undefined:undefined":4,"s:35:4:37:Infinity":12,"s:36:6:36:Infinity":13,"s:40:51:42:Infinity":14,"b:45:4:47:Infinity:undefined:undefined:undefined:undefined":5,"s:45:4:47:Infinity":15,"s:46:6:46:Infinity":16,"s:49:20:52:Infinity":17,"b:51:10:51:29:51:29:51:Infinity":6,"s:55:4:58:Infinity":18,"s:61:2:61:Infinity":19}}}
,"/Users/mertaksehirlioglu/my-meal-tracker/composables/useCamera.ts": {"path":"/Users/mertaksehirlioglu/my-meal-tracker/composables/useCamera.ts","statementMap":{"0":{"start":{"line":5,"column":8},"end":{"line":5,"column":null}},"1":{"start":{"line":6,"column":8},"end":{"line":6,"column":null}},"2":{"start":{"line":7,"column":8},"end":{"line":7,"column":null}},"3":{"start":{"line":9,"column":22},"end":{"line":30,"column":null}},"4":{"start":{"line":19,"column":4},"end":{"line":19,"column":null}},"5":{"start":{"line":20,"column":4},"end":{"line":29,"column":null}},"6":{"start":{"line":21,"column":6},"end":{"line":21,"column":null}},"7":{"start":{"line":22,"column":6},"end":{"line":25,"column":null}},"8":{"start":{"line":23,"column":8},"end":{"line":23,"column":null}},"9":{"start":{"line":24,"column":8},"end":{"line":24,"column":null}},"10":{"start":{"line":27,"column":6},"end":{"line":27,"column":null}},"11":{"start":{"line":28,"column":6},"end":{"line":28,"column":null}},"12":{"start":{"line":32,"column":21},"end":{"line":38,"column":null}},"13":{"start":{"line":33,"column":4},"end":{"line":36,"column":null}},"14":{"start":{"line":34,"column":6},"end":{"line":34,"column":null}},"15":{"start":{"line":34,"column":50},"end":{"line":34,"column":62}},"16":{"start":{"line":35,"column":6},"end":{"line":35,"column":null}},"17":{"start":{"line":37,"column":4},"end":{"line":37,"column":null}},"18":{"start":{"line":40,"column":2},"end":{"line":42,"column":null}},"19":{"start":{"line":41,"column":4},"end":{"line":41,"column":null}},"20":{"start":{"line":44,"column":2},"end":{"line":50,"column":null}}},"fnMap":{"0":{"name":"useCamera","decl":{"start":{"line":4,"column":16},"end":{"line":4,"column":28}},"loc":{"start":{"line":4,"column":28},"end":{"line":51,"column":null}},"line":4},"1":{"name":"(anonymous_1)","decl":{"start":{"line":9,"column":22},"end":{"line":9,"column":null}},"loc":{"start":{"line":18,"column":22},"end":{"line":30,"column":null}},"line":18},"2":{"name":"(anonymous_2)","decl":{"start":{"line":32,"column":21},"end":{"line":32,"column":33}},"loc":{"start":{"line":32,"column":33},"end":{"line":38,"column":null}},"line":32},"3":{"name":"(anonymous_3)","decl":{"start":{"line":34,"column":39},"end":{"line":34,"column":40}},"loc":{"start":{"line":34,"column":50},"end":{"line":34,"column":62}},"line":34},"4":{"name":"(anonymous_4)","decl":{"start":{"line":40,"column":14},"end":{"line":40,"column":20}},"loc":{"start":{"line":40,"column":20},"end":{"line":42,"column":3}},"line":40}},"branchMap":{"0":{"loc":{"start":{"line":11,"column":4},"end":{"line":17,"column":null}},"type":"default-arg","locations":[{"start":{"line":11,"column":42},"end":{"line":17,"column":null}}],"line":11},"1":{"loc":{"start":{"line":22,"column":6},"end":{"line":25,"column":null}},"type":"if","locations":[{"start":{"line":22,"column":6},"end":{"line":25,"column":null}},{"start":{},"end":{}}],"line":22},"2":{"loc":{"start":{"line":22,"column":10},"end":{"line":22,"column":42}},"type":"binary-expr","locations":[{"start":{"line":22,"column":10},"end":{"line":22,"column":28}},{"start":{"line":22,"column":28},"end":{"line":22,"column":42}}],"line":22},"3":{"loc":{"start":{"line":33,"column":4},"end":{"line":36,"column":null}},"type":"if","locations":[{"start":{"line":33,"column":4},"end":{"line":36,"column":null}},{"start":{},"end":{}}],"line":33}},"s":{"0":0,"1":0,"2":0,"3":0,"4":0,"5":0,"6":0,"7":0,"8":0,"9":0,"10":0,"11":0,"12":0,"13":0,"14":0,"15":0,"16":0,"17":0,"18":0,"19":0,"20":0},"f":{"0":0,"1":0,"2":0,"3":0,"4":0},"b":{"0":[0],"1":[0,0],"2":[0,0],"3":[0,0]},"meta":{"lastBranch":4,"lastFunction":5,"lastStatement":21,"seen":{"f:4:16:4:28":0,"s:5:8:5:Infinity":0,"s:6:8:6:Infinity":1,"s:7:8:7:Infinity":2,"s:9:22:30:Infinity":3,"f:9:22:9:Infinity":1,"b:11:42:17:Infinity":0,"s:19:4:19:Infinity":4,"s:20:4:29:Infinity":5,"s:21:6:21:Infinity":6,"b:22:6:25:Infinity:undefined:undefined:undefined:undefined":1,"s:22:6:25:Infinity":7,"b:22:10:22:28:22:28:22:42":2,"s:23:8:23:Infinity":8,"s:24:8:24:Infinity":9,"s:27:6:27:Infinity":10,"s:28:6:28:Infinity":11,"s:32:21:38:Infinity":12,"f:32:21:32:33":2,"b:33:4:36:Infinity:undefined:undefined:undefined:undefined":3,"s:33:4:36:Infinity":13,"s:34:6:34:Infinity":14,"f:34:39:34:40":3,"s:34:50:34:62":15,"s:35:6:35:Infinity":16,"s:37:4:37:Infinity":17,"s:40:2:42:Infinity":18,"f:40:14:40:20":4,"s:41:4:41:Infinity":19,"s:44:2:50:Infinity":20}}}
,"/Users/mertaksehirlioglu/my-meal-tracker/composables/useDemoData.ts": {"path":"/Users/mertaksehirlioglu/my-meal-tracker/composables/useDemoData.ts","statementMap":{"0":{"start":{"line":5,"column":16},"end":{"line":5,"column":null}},"1":{"start":{"line":7,"column":21},"end":{"line":11,"column":null}},"2":{"start":{"line":8,"column":17},"end":{"line":8,"column":null}},"3":{"start":{"line":9,"column":4},"end":{"line":9,"column":null}},"4":{"start":{"line":10,"column":4},"end":{"line":10,"column":null}},"5":{"start":{"line":13,"column":21},"end":{"line":18,"column":null}},"6":{"start":{"line":14,"column":17},"end":{"line":14,"column":null}},"7":{"start":{"line":15,"column":4},"end":{"line":15,"column":null}},"8":{"start":{"line":16,"column":4},"end":{"line":16,"column":null}},"9":{"start":{"line":17,"column":4},"end":{"line":17,"column":null}},"10":{"start":{"line":20,"column":20},"end":{"line":35,"column":null}},"11":{"start":{"line":20,"column":50},"end":{"line":35,"column":4}},"12":{"start":{"line":37,"column":23},"end":{"line":46,"column":null}},"13":{"start":{"line":37,"column":57},"end":{"line":46,"column":4}},"14":{"start":{"line":48,"column":20},"end":{"line":59,"column":null}},"15":{"start":{"line":61,"column":19},"end":{"line":73,"column":null}},"16":{"start":{"line":75,"column":20},"end":{"line":75,"column":null}},"17":{"start":{"line":77,"column":2},"end":{"line":89,"column":null}},"18":{"start":{"line":83,"column":6},"end":{"line":83,"column":null}},"19":{"start":{"line":83,"column":33},"end":{"line":83,"column":71}},"20":{"start":{"line":85,"column":6},"end":{"line":85,"column":null}},"21":{"start":{"line":85,"column":38},"end":{"line":85,"column":65}},"22":{"start":{"line":86,"column":26},"end":{"line":86,"column":null}},"23":{"start":{"line":87,"column":42},"end":{"line":87,"column":null}},"24":{"start":{"line":88,"column":46},"end":{"line":88,"column":null}}},"fnMap":{"0":{"name":"useDemoData","decl":{"start":{"line":4,"column":16},"end":{"line":4,"column":30}},"loc":{"start":{"line":4,"column":30},"end":{"line":90,"column":null}},"line":4},"1":{"name":"(anonymous_1)","decl":{"start":{"line":7,"column":21},"end":{"line":7,"column":22}},"loc":{"start":{"line":7,"column":45},"end":{"line":11,"column":null}},"line":7},"2":{"name":"(anonymous_2)","decl":{"start":{"line":13,"column":21},"end":{"line":13,"column":22}},"loc":{"start":{"line":13,"column":79},"end":{"line":18,"column":null}},"line":13},"3":{"name":"(anonymous_3)","decl":{"start":{"line":20,"column":42},"end":{"line":20,"column":43}},"loc":{"start":{"line":20,"column":50},"end":{"line":35,"column":4}},"line":20},"4":{"name":"(anonymous_4)","decl":{"start":{"line":37,"column":49},"end":{"line":37,"column":50}},"loc":{"start":{"line":37,"column":57},"end":{"line":46,"column":4}},"line":37},"5":{"name":"(anonymous_5)","decl":{"start":{"line":82,"column":20},"end":{"line":82,"column":null}},"loc":{"start":{"line":83,"column":6},"end":{"line":83,"column":null}},"line":83},"6":{"name":"(anonymous_6)","decl":{"start":{"line":83,"column":23},"end":{"line":83,"column":24}},"loc":{"start":{"line":83,"column":33},"end":{"line":83,"column":71}},"line":83},"7":{"name":"(anonymous_7)","decl":{"start":{"line":84,"column":23},"end":{"line":84,"column":null}},"loc":{"start":{"line":85,"column":6},"end":{"line":85,"column":null}},"line":85},"8":{"name":"(anonymous_8)","decl":{"start":{"line":85,"column":24},"end":{"line":85,"column":25}},"loc":{"start":{"line":85,"column":38},"end":{"line":85,"column":65}},"line":85},"9":{"name":"(anonymous_9)","decl":{"start":{"line":86,"column":20},"end":{"line":86,"column":26}},"loc":{"start":{"line":86,"column":26},"end":{"line":86,"column":null}},"line":86},"10":{"name":"(anonymous_10)","decl":{"start":{"line":87,"column":20},"end":{"line":87,"column":21}},"loc":{"start":{"line":87,"column":42},"end":{"line":87,"column":null}},"line":87},"11":{"name":"(anonymous_11)","decl":{"start":{"line":88,"column":24},"end":{"line":88,"column":25}},"loc":{"start":{"line":88,"column":46},"end":{"line":88,"column":null}},"line":88}},"branchMap":{"0":{"loc":{"start":{"line":13,"column":56},"end":{"line":13,"column":79}},"type":"default-arg","locations":[{"start":{"line":13,"column":73},"end":{"line":13,"column":79}}],"line":13},"1":{"loc":{"start":{"line":63,"column":11},"end":{"line":63,"column":null}},"type":"binary-expr","locations":[{"start":{"line":63,"column":11},"end":{"line":63,"column":50}},{"start":{"line":63,"column":50},"end":{"line":63,"column":null}}],"line":63},"2":{"loc":{"start":{"line":87,"column":21},"end":{"line":87,"column":42}},"type":"default-arg","locations":[{"start":{"line":87,"column":36},"end":{"line":87,"column":42}}],"line":87},"3":{"loc":{"start":{"line":88,"column":25},"end":{"line":88,"column":46}},"type":"default-arg","locations":[{"start":{"line":88,"column":40},"end":{"line":88,"column":46}}],"line":88}},"s":{"0":0,"1":0,"2":0,"3":0,"4":0,"5":0,"6":0,"7":0,"8":0,"9":0,"10":0,"11":0,"12":0,"13":0,"14":0,"15":0,"16":0,"17":0,"18":0,"19":0,"20":0,"21":0,"22":0,"23":0,"24":0},"f":{"0":0,"1":0,"2":0,"3":0,"4":0,"5":0,"6":0,"7":0,"8":0,"9":0,"10":0,"11":0},"b":{"0":[0],"1":[0,0],"2":[0],"3":[0]},"meta":{"lastBranch":4,"lastFunction":12,"lastStatement":25,"seen":{"f:4:16:4:30":0,"s:5:16:5:Infinity":0,"s:7:21:11:Infinity":1,"f:7:21:7:22":1,"s:8:17:8:Infinity":2,"s:9:4:9:Infinity":3,"s:10:4:10:Infinity":4,"s:13:21:18:Infinity":5,"f:13:21:13:22":2,"b:13:73:13:79":0,"s:14:17:14:Infinity":6,"s:15:4:15:Infinity":7,"s:16:4:16:Infinity":8,"s:17:4:17:Infinity":9,"s:20:20:35:Infinity":10,"f:20:42:20:43":3,"s:20:50:35:4":11,"s:37:23:46:Infinity":12,"f:37:49:37:50":4,"s:37:57:46:4":13,"s:48:20:59:Infinity":14,"s:61:19:73:Infinity":15,"b:63:11:63:50:63:50:63:Infinity":1,"s:75:20:75:Infinity":16,"s:77:2:89:Infinity":17,"f:82:20:82:Infinity":5,"s:83:6:83:Infinity":18,"f:83:23:83:24":6,"s:83:33:83:71":19,"f:84:23:84:Infinity":7,"s:85:6:85:Infinity":20,"f:85:24:85:25":8,"s:85:38:85:65":21,"f:86:20:86:26":9,"s:86:26:86:Infinity":22,"f:87:20:87:21":10,"s:87:42:87:Infinity":23,"b:87:36:87:42":2,"f:88:24:88:25":11,"s:88:46:88:Infinity":24,"b:88:40:88:46":3}}}
,"/Users/mertaksehirlioglu/my-meal-tracker/composables/useDemoNotification.ts": {"path":"/Users/mertaksehirlioglu/my-meal-tracker/composables/useDemoNotification.ts","statementMap":{"0":{"start":{"line":4,"column":6},"end":{"line":4,"column":null}},"1":{"start":{"line":5,"column":6},"end":{"line":5,"column":null}},"2":{"start":{"line":8,"column":25},"end":{"line":8,"column":null}},"3":{"start":{"line":14,"column":30},"end":{"line":21,"column":null}},"4":{"start":{"line":15,"column":4},"end":{"line":19,"column":null}},"5":{"start":{"line":16,"column":6},"end":{"line":16,"column":null}},"6":{"start":{"line":17,"column":6},"end":{"line":17,"column":null}},"7":{"start":{"line":18,"column":6},"end":{"line":18,"column":null}},"8":{"start":{"line":20,"column":4},"end":{"line":20,"column":null}},"9":{"start":{"line":26,"column":32},"end":{"line":29,"column":null}},"10":{"start":{"line":27,"column":4},"end":{"line":27,"column":null}},"11":{"start":{"line":28,"column":4},"end":{"line":28,"column":null}},"12":{"start":{"line":36,"column":31},"end":{"line":38,"column":null}},"13":{"start":{"line":37,"column":4},"end":{"line":37,"column":null}},"14":{"start":{"line":40,"column":2},"end":{"line":47,"column":null}}},"fnMap":{"0":{"name":"useDemoNotification","decl":{"start":{"line":7,"column":16},"end":{"line":7,"column":38}},"loc":{"start":{"line":7,"column":38},"end":{"line":48,"column":null}},"line":7},"1":{"name":"(anonymous_1)","decl":{"start":{"line":14,"column":30},"end":{"line":14,"column":31}},"loc":{"start":{"line":14,"column":61},"end":{"line":21,"column":null}},"line":14},"2":{"name":"(anonymous_2)","decl":{"start":{"line":26,"column":32},"end":{"line":26,"column":38}},"loc":{"start":{"line":26,"column":38},"end":{"line":29,"column":null}},"line":26},"3":{"name":"(anonymous_3)","decl":{"start":{"line":36,"column":31},"end":{"line":36,"column":32}},"loc":{"start":{"line":36,"column":71},"end":{"line":38,"column":null}},"line":36}},"branchMap":{"0":{"loc":{"start":{"line":14,"column":31},"end":{"line":14,"column":61}},"type":"default-arg","locations":[{"start":{"line":14,"column":48},"end":{"line":14,"column":61}}],"line":14},"1":{"loc":{"start":{"line":15,"column":4},"end":{"line":19,"column":null}},"type":"if","locations":[{"start":{"line":15,"column":4},"end":{"line":19,"column":null}},{"start":{},"end":{}}],"line":15},"2":{"loc":{"start":{"line":36,"column":32},"end":{"line":36,"column":71}},"type":"default-arg","locations":[{"start":{"line":36,"column":49},"end":{"line":36,"column":71}}],"line":36}},"s":{"0":0,"1":0,"2":0,"3":0,"4":0,"5":0,"6":0,"7":0,"8":0,"9":0,"10":0,"11":0,"12":0,"13":0,"14":0},"f":{"0":0,"1":0,"2":0,"3":0},"b":{"0":[0],"1":[0,0],"2":[0]},"meta":{"lastBranch":3,"lastFunction":4,"lastStatement":15,"seen":{"s:4:6:4:Infinity":0,"s:5:6:5:Infinity":1,"f:7:16:7:38":0,"s:8:25:8:Infinity":2,"s:14:30:21:Infinity":3,"f:14:30:14:31":1,"b:14:48:14:61":0,"b:15:4:19:Infinity:undefined:undefined:undefined:undefined":1,"s:15:4:19:Infinity":4,"s:16:6:16:Infinity":5,"s:17:6:17:Infinity":6,"s:18:6:18:Infinity":7,"s:20:4:20:Infinity":8,"s:26:32:29:Infinity":9,"f:26:32:26:38":2,"s:27:4:27:Infinity":10,"s:28:4:28:Infinity":11,"s:36:31:38:Infinity":12,"f:36:31:36:32":3,"b:36:49:36:71":2,"s:37:4:37:Infinity":13,"s:40:2:47:Infinity":14}}}
,"/Users/mertaksehirlioglu/my-meal-tracker/composables/useErrorHandling.ts": {"path":"/Users/mertaksehirlioglu/my-meal-tracker/composables/useErrorHandling.ts","statementMap":{"0":{"start":{"line":15,"column":32},"end":{"line":156,"column":null}},"1":{"start":{"line":16,"column":8},"end":{"line":16,"column":null}},"2":{"start":{"line":17,"column":8},"end":{"line":17,"column":null}},"3":{"start":{"line":19,"column":8},"end":{"line":19,"column":null}},"4":{"start":{"line":19,"column":35},"end":{"line":19,"column":58}},"5":{"start":{"line":20,"column":8},"end":{"line":22,"column":null}},"6":{"start":{"line":21,"column":10},"end":{"line":21,"column":null}},"7":{"start":{"line":24,"column":19},"end":{"line":42,"column":null}},"8":{"start":{"line":29,"column":4},"end":{"line":34,"column":null}},"9":{"start":{"line":37,"column":4},"end":{"line":41,"column":null}},"10":{"start":{"line":38,"column":6},"end":{"line":40,"column":null}},"11":{"start":{"line":39,"column":8},"end":{"line":39,"column":null}},"12":{"start":{"line":44,"column":21},"end":{"line":46,"column":null}},"13":{"start":{"line":45,"column":4},"end":{"line":45,"column":null}},"14":{"start":{"line":48,"column":21},"end":{"line":54,"column":null}},"15":{"start":{"line":49,"column":4},"end":{"line":53,"column":null}},"16":{"start":{"line":50,"column":6},"end":{"line":50,"column":null}},"17":{"start":{"line":52,"column":6},"end":{"line":52,"column":null}},"18":{"start":{"line":56,"column":25},"end":{"line":58,"column":null}},"19":{"start":{"line":57,"column":4},"end":{"line":57,"column":null}},"20":{"start":{"line":60,"column":25},"end":{"line":98,"column":null}},"21":{"start":{"line":61,"column":4},"end":{"line":61,"column":null}},"22":{"start":{"line":63,"column":18},"end":{"line":63,"column":null}},"23":{"start":{"line":64,"column":20},"end":{"line":64,"column":null}},"24":{"start":{"line":66,"column":4},"end":{"line":72,"column":null}},"25":{"start":{"line":67,"column":6},"end":{"line":67,"column":null}},"26":{"start":{"line":68,"column":4},"end":{"line":72,"column":null}},"27":{"start":{"line":69,"column":6},"end":{"line":69,"column":null}},"28":{"start":{"line":70,"column":4},"end":{"line":72,"column":null}},"29":{"start":{"line":71,"column":6},"end":{"line":71,"column":null}},"30":{"start":{"line":75,"column":4},"end":{"line":95,"column":null}},"31":{"start":{"line":81,"column":6},"end":{"line":81,"column":null}},"32":{"start":{"line":82,"column":6},"end":{"line":82,"column":null}},"33":{"start":{"line":83,"column":4},"end":{"line":95,"column":null}},"34":{"start":{"line":84,"column":6},"end":{"line":84,"column":null}},"35":{"start":{"line":85,"column":6},"end":{"line":85,"column":null}},"36":{"start":{"line":86,"column":4},"end":{"line":95,"column":null}},"37":{"start":{"line":87,"column":6},"end":{"line":87,"column":null}},"38":{"start":{"line":88,"column":6},"end":{"line":88,"column":null}},"39":{"start":{"line":89,"column":4},"end":{"line":95,"column":null}},"40":{"start":{"line":90,"column":6},"end":{"line":90,"column":null}},"41":{"start":{"line":91,"column":6},"end":{"line":91,"column":null}},"42":{"start":{"line":92,"column":4},"end":{"line":95,"column":null}},"43":{"start":{"line":93,"column":6},"end":{"line":93,"column":null}},"44":{"start":{"line":94,"column":6},"end":{"line":94,"column":null}},"45":{"start":{"line":97,"column":4},"end":{"line":97,"column":null}},"46":{"start":{"line":100,"column":28},"end":{"line":117,"column":null}},"47":{"start":{"line":105,"column":4},"end":{"line":116,"column":null}},"48":{"start":{"line":106,"column":6},"end":{"line":106,"column":null}},"49":{"start":{"line":106,"column":23},"end":{"line":106,"column":null}},"50":{"start":{"line":107,"column":6},"end":{"line":107,"column":null}},"51":{"start":{"line":109,"column":21},"end":{"line":109,"column":null}},"52":{"start":{"line":110,"column":6},"end":{"line":110,"column":null}},"53":{"start":{"line":112,"column":6},"end":{"line":112,"column":null}},"54":{"start":{"line":113,"column":6},"end":{"line":113,"column":null}},"55":{"start":{"line":115,"column":6},"end":{"line":115,"column":null}},"56":{"start":{"line":115,"column":23},"end":{"line":115,"column":null}},"57":{"start":{"line":119,"column":16},"end":{"line":141,"column":null}},"58":{"start":{"line":125,"column":4},"end":{"line":139,"column":null}},"59":{"start":{"line":125,"column":23},"end":{"line":125,"column":26}},"60":{"start":{"line":126,"column":6},"end":{"line":138,"column":null}},"61":{"start":{"line":127,"column":8},"end":{"line":130,"column":null}},"62":{"start":{"line":128,"column":10},"end":{"line":128,"column":null}},"63":{"start":{"line":129,"column":10},"end":{"line":129,"column":null}},"64":{"start":{"line":129,"column":41},"end":{"line":129,"column":77}},"65":{"start":{"line":132,"column":8},"end":{"line":132,"column":null}},"66":{"start":{"line":134,"column":8},"end":{"line":137,"column":null}},"67":{"start":{"line":135,"column":10},"end":{"line":135,"column":null}},"68":{"start":{"line":136,"column":10},"end":{"line":136,"column":null}},"69":{"start":{"line":140,"column":4},"end":{"line":140,"column":null}},"70":{"start":{"line":143,"column":2},"end":{"line":155,"column":null}},"71":{"start":{"line":162,"column":39},"end":{"line":179,"column":null}},"72":{"start":{"line":163,"column":16},"end":{"line":163,"column":null}},"73":{"start":{"line":165,"column":2},"end":{"line":171,"column":null}},"74":{"start":{"line":166,"column":4},"end":{"line":166,"column":null}},"75":{"start":{"line":167,"column":2},"end":{"line":171,"column":null}},"76":{"start":{"line":168,"column":4},"end":{"line":168,"column":null}},"77":{"start":{"line":169,"column":2},"end":{"line":171,"column":null}},"78":{"start":{"line":170,"column":4},"end":{"line":170,"column":null}},"79":{"start":{"line":173,"column":2},"end":{"line":178,"column":null}}},"fnMap":{"0":{"name":"(anonymous_0)","decl":{"start":{"line":15,"column":32},"end":{"line":15,"column":38}},"loc":{"start":{"line":15,"column":38},"end":{"line":156,"column":null}},"line":15},"1":{"name":"(anonymous_1)","decl":{"start":{"line":19,"column":29},"end":{"line":19,"column":35}},"loc":{"start":{"line":19,"column":35},"end":{"line":19,"column":58}},"line":19},"2":{"name":"(anonymous_2)","decl":{"start":{"line":21,"column":4},"end":{"line":21,"column":10}},"loc":{"start":{"line":21,"column":10},"end":{"line":21,"column":null}},"line":21},"3":{"name":"(anonymous_3)","decl":{"start":{"line":24,"column":19},"end":{"line":24,"column":null}},"loc":{"start":{"line":28,"column":7},"end":{"line":42,"column":null}},"line":28},"4":{"name":"(anonymous_4)","decl":{"start":{"line":38,"column":17},"end":{"line":38,"column":23}},"loc":{"start":{"line":38,"column":23},"end":{"line":40,"column":9}},"line":38},"5":{"name":"(anonymous_5)","decl":{"start":{"line":44,"column":21},"end":{"line":44,"column":22}},"loc":{"start":{"line":44,"column":42},"end":{"line":46,"column":null}},"line":44},"6":{"name":"(anonymous_6)","decl":{"start":{"line":48,"column":21},"end":{"line":48,"column":22}},"loc":{"start":{"line":48,"column":41},"end":{"line":54,"column":null}},"line":48},"7":{"name":"(anonymous_7)","decl":{"start":{"line":56,"column":25},"end":{"line":56,"column":31}},"loc":{"start":{"line":56,"column":31},"end":{"line":58,"column":null}},"line":56},"8":{"name":"(anonymous_8)","decl":{"start":{"line":60,"column":25},"end":{"line":60,"column":26}},"loc":{"start":{"line":60,"column":63},"end":{"line":98,"column":null}},"line":60},"9":{"name":"(anonymous_9)","decl":{"start":{"line":100,"column":28},"end":{"line":100,"column":null}},"loc":{"start":{"line":104,"column":26},"end":{"line":117,"column":null}},"line":104},"10":{"name":"(anonymous_10)","decl":{"start":{"line":119,"column":16},"end":{"line":119,"column":null}},"loc":{"start":{"line":124,"column":26},"end":{"line":141,"column":null}},"line":124},"11":{"name":"(anonymous_11)","decl":{"start":{"line":129,"column":28},"end":{"line":129,"column":29}},"loc":{"start":{"line":129,"column":41},"end":{"line":129,"column":77}},"line":129},"12":{"name":"(anonymous_12)","decl":{"start":{"line":162,"column":39},"end":{"line":162,"column":40}},"loc":{"start":{"line":162,"column":71},"end":{"line":179,"column":null}},"line":162}},"branchMap":{"0":{"loc":{"start":{"line":21,"column":10},"end":{"line":21,"column":null}},"type":"binary-expr","locations":[{"start":{"line":21,"column":10},"end":{"line":21,"column":51}},{"start":{"line":21,"column":51},"end":{"line":21,"column":null}}],"line":21},"1":{"loc":{"start":{"line":26,"column":4},"end":{"line":26,"column":null}},"type":"default-arg","locations":[{"start":{"line":26,"column":53},"end":{"line":26,"column":null}}],"line":26},"2":{"loc":{"start":{"line":27,"column":4},"end":{"line":27,"column":null}},"type":"default-arg","locations":[{"start":{"line":27,"column":16},"end":{"line":27,"column":null}}],"line":27},"3":{"loc":{"start":{"line":37,"column":4},"end":{"line":41,"column":null}},"type":"if","locations":[{"start":{"line":37,"column":4},"end":{"line":41,"column":null}},{"start":{},"end":{}}],"line":37},"4":{"loc":{"start":{"line":49,"column":4},"end":{"line":53,"column":null}},"type":"if","locations":[{"start":{"line":49,"column":4},"end":{"line":53,"column":null}},{"start":{"line":51,"column":11},"end":{"line":53,"column":null}}],"line":49},"5":{"loc":{"start":{"line":61,"column":30},"end":{"line":61,"column":61}},"type":"cond-expr","locations":[{"start":{"line":61,"column":40},"end":{"line":61,"column":59}},{"start":{"line":61,"column":59},"end":{"line":61,"column":61}}],"line":61},"6":{"loc":{"start":{"line":66,"column":4},"end":{"line":72,"column":null}},"type":"if","locations":[{"start":{"line":66,"column":4},"end":{"line":72,"column":null}},{"start":{"line":68,"column":4},"end":{"line":72,"column":null}}],"line":66},"7":{"loc":{"start":{"line":68,"column":4},"end":{"line":72,"column":null}},"type":"if","locations":[{"start":{"line":68,"column":4},"end":{"line":72,"column":null}},{"start":{"line":70,"column":4},"end":{"line":72,"column":null}}],"line":68},"8":{"loc":{"start":{"line":70,"column":4},"end":{"line":72,"column":null}},"type":"if","locations":[{"start":{"line":70,"column":4},"end":{"line":72,"column":null}},{"start":{},"end":{}}],"line":70},"9":{"loc":{"start":{"line":70,"column":15},"end":{"line":70,"column":73}},"type":"binary-expr","locations":[{"start":{"line":70,"column":15},"end":{"line":70,"column":24}},{"start":{"line":70,"column":24},"end":{"line":70,"column":53}},{"start":{"line":70,"column":53},"end":{"line":70,"column":73}}],"line":70},"10":{"loc":{"start":{"line":75,"column":4},"end":{"line":95,"column":null}},"type":"if","locations":[{"start":{"line":75,"column":4},"end":{"line":95,"column":null}},{"start":{"line":83,"column":4},"end":{"line":95,"column":null}}],"line":75},"11":{"loc":{"start":{"line":76,"column":6},"end":{"line":79,"column":null}},"type":"binary-expr","locations":[{"start":{"line":76,"column":6},"end":{"line":76,"column":null}},{"start":{"line":77,"column":6},"end":{"line":77,"column":null}},{"start":{"line":78,"column":6},"end":{"line":78,"column":null}},{"start":{"line":79,"column":6},"end":{"line":79,"column":null}}],"line":76},"12":{"loc":{"start":{"line":83,"column":4},"end":{"line":95,"column":null}},"type":"if","locations":[{"start":{"line":83,"column":4},"end":{"line":95,"column":null}},{"start":{"line":86,"column":4},"end":{"line":95,"column":null}}],"line":83},"13":{"loc":{"start":{"line":83,"column":15},"end":{"line":83,"column":76}},"type":"binary-expr","locations":[{"start":{"line":83,"column":15},"end":{"line":83,"column":42}},{"start":{"line":83,"column":42},"end":{"line":83,"column":76}}],"line":83},"14":{"loc":{"start":{"line":86,"column":4},"end":{"line":95,"column":null}},"type":"if","locations":[{"start":{"line":86,"column":4},"end":{"line":95,"column":null}},{"start":{"line":89,"column":4},"end":{"line":95,"column":null}}],"line":86},"15":{"loc":{"start":{"line":86,"column":15},"end":{"line":86,"column":73}},"type":"binary-expr","locations":[{"start":{"line":86,"column":15},"end":{"line":86,"column":42}},{"start":{"line":86,"column":42},"end":{"line":86,"column":73}}],"line":86},"16":{"loc":{"start":{"line":89,"column":4},"end":{"line":95,"column":null}},"type":"if","locations":[{"start":{"line":89,"column":4},"end":{"line":95,"column":null}},{"start":{"line":92,"column":4},"end":{"line":95,"column":null}}],"line":89},"17":{"loc":{"start":{"line":89,"column":15},"end":{"line":89,"column":73}},"type":"binary-expr","locations":[{"start":{"line":89,"column":15},"end":{"line":89,"column":42}},{"start":{"line":89,"column":42},"end":{"line":89,"column":73}}],"line":89},"18":{"loc":{"start":{"line":92,"column":4},"end":{"line":95,"column":null}},"type":"if","locations":[{"start":{"line":92,"column":4},"end":{"line":95,"column":null}},{"start":{},"end":{}}],"line":92},"19":{"loc":{"start":{"line":92,"column":15},"end":{"line":92,"column":70}},"type":"binary-expr","locations":[{"start":{"line":92,"column":15},"end":{"line":92,"column":42}},{"start":{"line":92,"column":42},"end":{"line":92,"column":70}}],"line":92},"20":{"loc":{"start":{"line":103,"column":4},"end":{"line":103,"column":null}},"type":"default-arg","locations":[{"start":{"line":103,"column":18},"end":{"line":103,"column":null}}],"line":103},"21":{"loc":{"start":{"line":106,"column":6},"end":{"line":106,"column":null}},"type":"if","locations":[{"start":{"line":106,"column":6},"end":{"line":106,"column":null}},{"start":{},"end":{}}],"line":106},"22":{"loc":{"start":{"line":115,"column":6},"end":{"line":115,"column":null}},"type":"if","locations":[{"start":{"line":115,"column":6},"end":{"line":115,"column":null}},{"start":{},"end":{}}],"line":115},"23":{"loc":{"start":{"line":121,"column":4},"end":{"line":121,"column":null}},"type":"default-arg","locations":[{"start":{"line":121,"column":18},"end":{"line":121,"column":null}}],"line":121},"24":{"loc":{"start":{"line":122,"column":4},"end":{"line":122,"column":null}},"type":"default-arg","locations":[{"start":{"line":122,"column":12},"end":{"line":122,"column":null}}],"line":122},"25":{"loc":{"start":{"line":127,"column":8},"end":{"line":130,"column":null}},"type":"if","locations":[{"start":{"line":127,"column":8},"end":{"line":130,"column":null}},{"start":{},"end":{}}],"line":127},"26":{"loc":{"start":{"line":134,"column":8},"end":{"line":137,"column":null}},"type":"if","locations":[{"start":{"line":134,"column":8},"end":{"line":137,"column":null}},{"start":{},"end":{}}],"line":134},"27":{"loc":{"start":{"line":165,"column":2},"end":{"line":171,"column":null}},"type":"if","locations":[{"start":{"line":165,"column":2},"end":{"line":171,"column":null}},{"start":{"line":167,"column":2},"end":{"line":171,"column":null}}],"line":165},"28":{"loc":{"start":{"line":167,"column":2},"end":{"line":171,"column":null}},"type":"if","locations":[{"start":{"line":167,"column":2},"end":{"line":171,"column":null}},{"start":{"line":169,"column":2},"end":{"line":171,"column":null}}],"line":167},"29":{"loc":{"start":{"line":169,"column":2},"end":{"line":171,"column":null}},"type":"if","locations":[{"start":{"line":169,"column":2},"end":{"line":171,"column":null}},{"start":{},"end":{}}],"line":169},"30":{"loc":{"start":{"line":169,"column":13},"end":{"line":169,"column":71}},"type":"binary-expr","locations":[{"start":{"line":169,"column":13},"end":{"line":169,"column":22}},{"start":{"line":169,"column":22},"end":{"line":169,"column":51}},{"start":{"line":169,"column":51},"end":{"line":169,"column":71}}],"line":169}},"s":{"0":1,"1":27,"2":27,"3":27,"4":2,"5":27,"6":2,"7":27,"8":27,"9":27,"10":5,"11":0,"12":27,"13":1,"14":27,"15":2,"16":1,"17":1,"18":27,"19":5,"20":27,"21":9,"22":9,"23":9,"24":9,"25":3,"26":6,"27":5,"28":1,"29":0,"30":9,"31":1,"32":1,"33":8,"34":1,"35":1,"36":7,"37":1,"38":1,"39":6,"40":1,"41":1,"42":5,"43":1,"44":1,"45":9,"46":27,"47":4,"48":4,"49":4,"50":4,"51":4,"52":3,"53":1,"54":1,"55":4,"56":4,"57":27,"58":2,"59":2,"60":5,"61":5,"62":3,"63":3,"64":3,"65":5,"66":4,"67":1,"68":1,"69":3,"70":27,"71":1,"72":5,"73":5,"74":1,"75":4,"76":2,"77":2,"78":1,"79":5},"f":{"0":27,"1":2,"2":2,"3":27,"4":0,"5":1,"6":2,"7":5,"8":9,"9":4,"10":2,"11":3,"12":5},"b":{"0":[2,1],"1":[27],"2":[27],"3":[5,22],"4":[1,1],"5":[0,9],"6":[3,6],"7":[5,1],"8":[0,1],"9":[1,1,0],"10":[1,8],"11":[9,9,8,8],"12":[1,7],"13":[8,7],"14":[1,6],"15":[7,6],"16":[1,5],"17":[6,5],"18":[1,4],"19":[5,4],"20":[4],"21":[4,0],"22":[4,0],"23":[2],"24":[2],"25":[3,2],"26":[1,3],"27":[1,4],"28":[2,2],"29":[1,1],"30":[2,1,1]},"meta":{"lastBranch":31,"lastFunction":13,"lastStatement":80,"seen":{"s:15:32:156:Infinity":0,"f:15:32:15:38":0,"s:16:8:16:Infinity":1,"s:17:8:17:Infinity":2,"s:19:8:19:Infinity":3,"f:19:29:19:35":1,"s:19:35:19:58":4,"s:20:8:22:Infinity":5,"f:21:4:21:10":2,"s:21:10:21:Infinity":6,"b:21:10:21:51:21:51:21:Infinity":0,"s:24:19:42:Infinity":7,"f:24:19:24:Infinity":3,"b:26:53:26:Infinity":1,"b:27:16:27:Infinity":2,"s:29:4:34:Infinity":8,"b:37:4:41:Infinity:undefined:undefined:undefined:undefined":3,"s:37:4:41:Infinity":9,"s:38:6:40:Infinity":10,"f:38:17:38:23":4,"s:39:8:39:Infinity":11,"s:44:21:46:Infinity":12,"f:44:21:44:22":5,"s:45:4:45:Infinity":13,"s:48:21:54:Infinity":14,"f:48:21:48:22":6,"b:49:4:53:Infinity:51:11:53:Infinity":4,"s:49:4:53:Infinity":15,"s:50:6:50:Infinity":16,"s:52:6:52:Infinity":17,"s:56:25:58:Infinity":18,"f:56:25:56:31":7,"s:57:4:57:Infinity":19,"s:60:25:98:Infinity":20,"f:60:25:60:26":8,"s:61:4:61:Infinity":21,"b:61:40:61:59:61:59:61:61":5,"s:63:18:63:Infinity":22,"s:64:20:64:Infinity":23,"b:66:4:72:Infinity:68:4:72:Infinity":6,"s:66:4:72:Infinity":24,"s:67:6:67:Infinity":25,"b:68:4:72:Infinity:70:4:72:Infinity":7,"s:68:4:72:Infinity":26,"s:69:6:69:Infinity":27,"b:70:4:72:Infinity:undefined:undefined:undefined:undefined":8,"s:70:4:72:Infinity":28,"b:70:15:70:24:70:24:70:53:70:53:70:73":9,"s:71:6:71:Infinity":29,"b:75:4:95:Infinity:83:4:95:Infinity":10,"s:75:4:95:Infinity":30,"b:76:6:76:Infinity:77:6:77:Infinity:78:6:78:Infinity:79:6:79:Infinity":11,"s:81:6:81:Infinity":31,"s:82:6:82:Infinity":32,"b:83:4:95:Infinity:86:4:95:Infinity":12,"s:83:4:95:Infinity":33,"b:83:15:83:42:83:42:83:76":13,"s:84:6:84:Infinity":34,"s:85:6:85:Infinity":35,"b:86:4:95:Infinity:89:4:95:Infinity":14,"s:86:4:95:Infinity":36,"b:86:15:86:42:86:42:86:73":15,"s:87:6:87:Infinity":37,"s:88:6:88:Infinity":38,"b:89:4:95:Infinity:92:4:95:Infinity":16,"s:89:4:95:Infinity":39,"b:89:15:89:42:89:42:89:73":17,"s:90:6:90:Infinity":40,"s:91:6:91:Infinity":41,"b:92:4:95:Infinity:undefined:undefined:undefined:undefined":18,"s:92:4:95:Infinity":42,"b:92:15:92:42:92:42:92:70":19,"s:93:6:93:Infinity":43,"s:94:6:94:Infinity":44,"s:97:4:97:Infinity":45,"s:100:28:117:Infinity":46,"f:100:28:100:Infinity":9,"b:103:18:103:Infinity":20,"s:105:4:116:Infinity":47,"b:106:6:106:Infinity:undefined:undefined:undefined:undefined":21,"s:106:6:106:Infinity":48,"s:106:23:106:Infinity":49,"s:107:6:107:Infinity":50,"s:109:21:109:Infinity":51,"s:110:6:110:Infinity":52,"s:112:6:112:Infinity":53,"s:113:6:113:Infinity":54,"b:115:6:115:Infinity:undefined:undefined:undefined:undefined":22,"s:115:6:115:Infinity":55,"s:115:23:115:Infinity":56,"s:119:16:141:Infinity":57,"f:119:16:119:Infinity":10,"b:121:18:121:Infinity":23,"b:122:12:122:Infinity":24,"s:125:4:139:Infinity":58,"s:125:23:125:26":59,"s:126:6:138:Infinity":60,"b:127:8:130:Infinity:undefined:undefined:undefined:undefined":25,"s:127:8:130:Infinity":61,"s:128:10:128:Infinity":62,"s:129:10:129:Infinity":63,"f:129:28:129:29":11,"s:129:41:129:77":64,"s:132:8:132:Infinity":65,"b:134:8:137:Infinity:undefined:undefined:undefined:undefined":26,"s:134:8:137:Infinity":66,"s:135:10:135:Infinity":67,"s:136:10:136:Infinity":68,"s:140:4:140:Infinity":69,"s:143:2:155:Infinity":70,"s:162:39:179:Infinity":71,"f:162:39:162:40":12,"s:163:16:163:Infinity":72,"b:165:2:171:Infinity:167:2:171:Infinity":27,"s:165:2:171:Infinity":73,"s:166:4:166:Infinity":74,"b:167:2:171:Infinity:169:2:171:Infinity":28,"s:167:2:171:Infinity":75,"s:168:4:168:Infinity":76,"b:169:2:171:Infinity:undefined:undefined:undefined:undefined":29,"s:169:2:171:Infinity":77,"b:169:13:169:22:169:22:169:51:169:51:169:71":30,"s:170:4:170:Infinity":78,"s:173:2:178:Infinity":79}}}
,"/Users/mertaksehirlioglu/my-meal-tracker/composables/useFoodAnalysis.ts": {"path":"/Users/mertaksehirlioglu/my-meal-tracker/composables/useFoodAnalysis.ts","statementMap":{"0":{"start":{"line":22,"column":31},"end":{"line":154,"column":null}},"1":{"start":{"line":28,"column":13},"end":{"line":28,"column":null}},"2":{"start":{"line":30,"column":24},"end":{"line":36,"column":null}},"3":{"start":{"line":31,"column":4},"end":{"line":34,"column":null}},"4":{"start":{"line":32,"column":41},"end":{"line":32,"column":null}},"5":{"start":{"line":33,"column":6},"end":{"line":33,"column":null}},"6":{"start":{"line":35,"column":4},"end":{"line":35,"column":null}},"7":{"start":{"line":40,"column":23},"end":{"line":45,"column":null}},"8":{"start":{"line":42,"column":23},"end":{"line":42,"column":null}},"9":{"start":{"line":43,"column":6},"end":{"line":43,"column":null}},"10":{"start":{"line":52,"column":2},"end":{"line":52,"column":null}},"11":{"start":{"line":54,"column":20},"end":{"line":54,"column":null}},"12":{"start":{"line":55,"column":24},"end":{"line":55,"column":null}},"13":{"start":{"line":56,"column":25},"end":{"line":56,"column":null}},"14":{"start":{"line":59,"column":28},"end":{"line":59,"column":null}},"15":{"start":{"line":61,"column":22},"end":{"line":122,"column":null}},"16":{"start":{"line":62,"column":4},"end":{"line":121,"column":null}},"17":{"start":{"line":63,"column":6},"end":{"line":63,"column":null}},"18":{"start":{"line":64,"column":6},"end":{"line":64,"column":null}},"19":{"start":{"line":67,"column":26},"end":{"line":67,"column":null}},"20":{"start":{"line":69,"column":6},"end":{"line":71,"column":null}},"21":{"start":{"line":70,"column":8},"end":{"line":70,"column":null}},"22":{"start":{"line":73,"column":28},"end":{"line":73,"column":null}},"23":{"start":{"line":76,"column":24},"end":{"line":76,"column":null}},"24":{"start":{"line":79,"column":41},"end":{"line":84,"column":null}},"25":{"start":{"line":86,"column":6},"end":{"line":86,"column":null}},"26":{"start":{"line":87,"column":6},"end":{"line":87,"column":null}},"27":{"start":{"line":89,"column":6},"end":{"line":89,"column":null}},"28":{"start":{"line":91,"column":8},"end":{"line":91,"column":null}},"29":{"start":{"line":92,"column":6},"end":{"line":92,"column":null}},"30":{"start":{"line":95,"column":6},"end":{"line":116,"column":null}},"31":{"start":{"line":96,"column":8},"end":{"line":97,"column":null}},"32":{"start":{"line":98,"column":6},"end":{"line":116,"column":null}},"33":{"start":{"line":99,"column":8},"end":{"line":100,"column":null}},"34":{"start":{"line":101,"column":6},"end":{"line":116,"column":null}},"35":{"start":{"line":105,"column":8},"end":{"line":106,"column":null}},"36":{"start":{"line":107,"column":6},"end":{"line":116,"column":null}},"37":{"start":{"line":108,"column":8},"end":{"line":109,"column":null}},"38":{"start":{"line":110,"column":6},"end":{"line":116,"column":null}},"39":{"start":{"line":111,"column":8},"end":{"line":112,"column":null}},"40":{"start":{"line":114,"column":8},"end":{"line":115,"column":null}},"41":{"start":{"line":118,"column":6},"end":{"line":118,"column":null}},"42":{"start":{"line":120,"column":6},"end":{"line":120,"column":null}},"43":{"start":{"line":125,"column":31},"end":{"line":134,"column":null}},"44":{"start":{"line":126,"column":22},"end":{"line":126,"column":null}},"45":{"start":{"line":128,"column":4},"end":{"line":133,"column":null}},"46":{"start":{"line":136,"column":24},"end":{"line":139,"column":null}},"47":{"start":{"line":137,"column":4},"end":{"line":137,"column":null}},"48":{"start":{"line":138,"column":4},"end":{"line":138,"column":null}},"49":{"start":{"line":141,"column":2},"end":{"line":153,"column":null}}},"fnMap":{"0":{"name":"(anonymous_0)","decl":{"start":{"line":22,"column":31},"end":{"line":22,"column":37}},"loc":{"start":{"line":22,"column":37},"end":{"line":154,"column":null}},"line":22},"1":{"name":"(anonymous_1)","decl":{"start":{"line":30,"column":24},"end":{"line":30,"column":36}},"loc":{"start":{"line":30,"column":36},"end":{"line":36,"column":null}},"line":30},"2":{"name":"(anonymous_2)","decl":{"start":{"line":41,"column":19},"end":{"line":41,"column":26}},"loc":{"start":{"line":41,"column":41},"end":{"line":44,"column":null}},"line":41},"3":{"name":"(anonymous_3)","decl":{"start":{"line":61,"column":22},"end":{"line":61,"column":29}},"loc":{"start":{"line":61,"column":78},"end":{"line":122,"column":null}},"line":61},"4":{"name":"(anonymous_4)","decl":{"start":{"line":125,"column":31},"end":{"line":125,"column":32}},"loc":{"start":{"line":125,"column":73},"end":{"line":134,"column":null}},"line":125},"5":{"name":"(anonymous_5)","decl":{"start":{"line":136,"column":24},"end":{"line":136,"column":30}},"loc":{"start":{"line":136,"column":30},"end":{"line":139,"column":null}},"line":136}},"branchMap":{"0":{"loc":{"start":{"line":31,"column":4},"end":{"line":34,"column":null}},"type":"if","locations":[{"start":{"line":31,"column":4},"end":{"line":34,"column":null}},{"start":{},"end":{}}],"line":31},"1":{"loc":{"start":{"line":69,"column":6},"end":{"line":71,"column":null}},"type":"if","locations":[{"start":{"line":69,"column":6},"end":{"line":71,"column":null}},{"start":{},"end":{}}],"line":69},"2":{"loc":{"start":{"line":91,"column":8},"end":{"line":91,"column":null}},"type":"cond-expr","locations":[{"start":{"line":91,"column":31},"end":{"line":91,"column":45}},{"start":{"line":91,"column":45},"end":{"line":91,"column":null}}],"line":91},"3":{"loc":{"start":{"line":95,"column":6},"end":{"line":116,"column":null}},"type":"if","locations":[{"start":{"line":95,"column":6},"end":{"line":116,"column":null}},{"start":{"line":98,"column":6},"end":{"line":116,"column":null}}],"line":95},"4":{"loc":{"start":{"line":98,"column":6},"end":{"line":116,"column":null}},"type":"if","locations":[{"start":{"line":98,"column":6},"end":{"line":116,"column":null}},{"start":{"line":101,"column":6},"end":{"line":116,"column":null}}],"line":98},"5":{"loc":{"start":{"line":101,"column":6},"end":{"line":116,"column":null}},"type":"if","locations":[{"start":{"line":101,"column":6},"end":{"line":116,"column":null}},{"start":{"line":107,"column":6},"end":{"line":116,"column":null}}],"line":101},"6":{"loc":{"start":{"line":102,"column":8},"end":{"line":103,"column":null}},"type":"binary-expr","locations":[{"start":{"line":102,"column":8},"end":{"line":102,"column":null}},{"start":{"line":103,"column":8},"end":{"line":103,"column":null}}],"line":102},"7":{"loc":{"start":{"line":107,"column":6},"end":{"line":116,"column":null}},"type":"if","locations":[{"start":{"line":107,"column":6},"end":{"line":116,"column":null}},{"start":{"line":110,"column":6},"end":{"line":116,"column":null}}],"line":107},"8":{"loc":{"start":{"line":110,"column":6},"end":{"line":116,"column":null}},"type":"if","locations":[{"start":{"line":110,"column":6},"end":{"line":116,"column":null}},{"start":{"line":113,"column":13},"end":{"line":116,"column":null}}],"line":110}},"s":{"0":0,"1":0,"2":0,"3":0,"4":0,"5":0,"6":0,"7":0,"8":0,"9":0,"10":0,"11":0,"12":0,"13":0,"14":0,"15":0,"16":0,"17":0,"18":0,"19":0,"20":0,"21":0,"22":0,"23":0,"24":0,"25":0,"26":0,"27":0,"28":0,"29":0,"30":0,"31":0,"32":0,"33":0,"34":0,"35":0,"36":0,"37":0,"38":0,"39":0,"40":0,"41":0,"42":0,"43":0,"44":0,"45":0,"46":0,"47":0,"48":0,"49":0},"f":{"0":0,"1":0,"2":0,"3":0,"4":0,"5":0},"b":{"0":[0,0],"1":[0,0],"2":[0,0],"3":[0,0],"4":[0,0],"5":[0,0],"6":[0,0],"7":[0,0],"8":[0,0]},"meta":{"lastBranch":9,"lastFunction":6,"lastStatement":50,"seen":{"s:22:31:154:Infinity":0,"f:22:31:22:37":0,"s:28:13:28:Infinity":1,"s:30:24:36:Infinity":2,"f:30:24:30:36":1,"b:31:4:34:Infinity:undefined:undefined:undefined:undefined":0,"s:31:4:34:Infinity":3,"s:32:41:32:Infinity":4,"s:33:6:33:Infinity":5,"s:35:4:35:Infinity":6,"s:40:23:45:Infinity":7,"f:41:19:41:26":2,"s:42:23:42:Infinity":8,"s:43:6:43:Infinity":9,"s:52:2:52:Infinity":10,"s:54:20:54:Infinity":11,"s:55:24:55:Infinity":12,"s:56:25:56:Infinity":13,"s:59:28:59:Infinity":14,"s:61:22:122:Infinity":15,"f:61:22:61:29":3,"s:62:4:121:Infinity":16,"s:63:6:63:Infinity":17,"s:64:6:64:Infinity":18,"s:67:26:67:Infinity":19,"b:69:6:71:Infinity:undefined:undefined:undefined:undefined":1,"s:69:6:71:Infinity":20,"s:70:8:70:Infinity":21,"s:73:28:73:Infinity":22,"s:76:24:76:Infinity":23,"s:79:41:84:Infinity":24,"s:86:6:86:Infinity":25,"s:87:6:87:Infinity":26,"s:89:6:89:Infinity":27,"s:91:8:91:Infinity":28,"b:91:31:91:45:91:45:91:Infinity":2,"s:92:6:92:Infinity":29,"b:95:6:116:Infinity:98:6:116:Infinity":3,"s:95:6:116:Infinity":30,"s:96:8:97:Infinity":31,"b:98:6:116:Infinity:101:6:116:Infinity":4,"s:98:6:116:Infinity":32,"s:99:8:100:Infinity":33,"b:101:6:116:Infinity:107:6:116:Infinity":5,"s:101:6:116:Infinity":34,"b:102:8:102:Infinity:103:8:103:Infinity":6,"s:105:8:106:Infinity":35,"b:107:6:116:Infinity:110:6:116:Infinity":7,"s:107:6:116:Infinity":36,"s:108:8:109:Infinity":37,"b:110:6:116:Infinity:113:13:116:Infinity":8,"s:110:6:116:Infinity":38,"s:111:8:112:Infinity":39,"s:114:8:115:Infinity":40,"s:118:6:118:Infinity":41,"s:120:6:120:Infinity":42,"s:125:31:134:Infinity":43,"f:125:31:125:32":4,"s:126:22:126:Infinity":44,"s:128:4:133:Infinity":45,"s:136:24:139:Infinity":46,"f:136:24:136:30":5,"s:137:4:137:Infinity":47,"s:138:4:138:Infinity":48,"s:141:2:153:Infinity":49}}}
,"/Users/mertaksehirlioglu/my-meal-tracker/composables/useFoodClassification.ts": {"path":"/Users/mertaksehirlioglu/my-meal-tracker/composables/useFoodClassification.ts","statementMap":{"0":{"start":{"line":10,"column":37},"end":{"line":45,"column":null}},"1":{"start":{"line":11,"column":18},"end":{"line":11,"column":null}},"2":{"start":{"line":12,"column":16},"end":{"line":12,"column":null}},"3":{"start":{"line":14,"column":23},"end":{"line":33,"column":null}},"4":{"start":{"line":15,"column":4},"end":{"line":32,"column":null}},"5":{"start":{"line":16,"column":6},"end":{"line":16,"column":null}},"6":{"start":{"line":17,"column":6},"end":{"line":17,"column":null}},"7":{"start":{"line":19,"column":26},"end":{"line":19,"column":null}},"8":{"start":{"line":22,"column":6},"end":{"line":25,"column":null}},"9":{"start":{"line":22,"column":52},"end":{"line":25,"column":8}},"10":{"start":{"line":27,"column":6},"end":{"line":28,"column":null}},"11":{"start":{"line":29,"column":6},"end":{"line":29,"column":null}},"12":{"start":{"line":31,"column":6},"end":{"line":31,"column":null}},"13":{"start":{"line":35,"column":25},"end":{"line":37,"column":null}},"14":{"start":{"line":36,"column":4},"end":{"line":36,"column":null}},"15":{"start":{"line":36,"column":60},"end":{"line":36,"column":75}},"16":{"start":{"line":39,"column":2},"end":{"line":44,"column":null}}},"fnMap":{"0":{"name":"(anonymous_0)","decl":{"start":{"line":10,"column":37},"end":{"line":10,"column":38}},"loc":{"start":{"line":10,"column":70},"end":{"line":45,"column":null}},"line":10},"1":{"name":"(anonymous_1)","decl":{"start":{"line":14,"column":23},"end":{"line":14,"column":30}},"loc":{"start":{"line":14,"column":77},"end":{"line":33,"column":null}},"line":14},"2":{"name":"(anonymous_2)","decl":{"start":{"line":22,"column":41},"end":{"line":22,"column":42}},"loc":{"start":{"line":22,"column":52},"end":{"line":25,"column":8}},"line":22},"3":{"name":"(anonymous_3)","decl":{"start":{"line":35,"column":25},"end":{"line":35,"column":26}},"loc":{"start":{"line":35,"column":52},"end":{"line":37,"column":null}},"line":35},"4":{"name":"(anonymous_4)","decl":{"start":{"line":36,"column":53},"end":{"line":36,"column":54}},"loc":{"start":{"line":36,"column":60},"end":{"line":36,"column":75}},"line":36}},"branchMap":{"0":{"loc":{"start":{"line":28,"column":8},"end":{"line":28,"column":null}},"type":"cond-expr","locations":[{"start":{"line":28,"column":31},"end":{"line":28,"column":45}},{"start":{"line":28,"column":45},"end":{"line":28,"column":null}}],"line":28}},"s":{"0":0,"1":0,"2":0,"3":0,"4":0,"5":0,"6":0,"7":0,"8":0,"9":0,"10":0,"11":0,"12":0,"13":0,"14":0,"15":0,"16":0},"f":{"0":0,"1":0,"2":0,"3":0,"4":0},"b":{"0":[0,0]},"meta":{"lastBranch":1,"lastFunction":5,"lastStatement":17,"seen":{"s:10:37:45:Infinity":0,"f:10:37:10:38":0,"s:11:18:11:Infinity":1,"s:12:16:12:Infinity":2,"s:14:23:33:Infinity":3,"f:14:23:14:30":1,"s:15:4:32:Infinity":4,"s:16:6:16:Infinity":5,"s:17:6:17:Infinity":6,"s:19:26:19:Infinity":7,"s:22:6:25:Infinity":8,"f:22:41:22:42":2,"s:22:52:25:8":9,"s:27:6:28:Infinity":10,"b:28:31:28:45:28:45:28:Infinity":0,"s:29:6:29:Infinity":11,"s:31:6:31:Infinity":12,"s:35:25:37:Infinity":13,"f:35:25:35:26":3,"s:36:4:36:Infinity":14,"f:36:53:36:54":4,"s:36:60:36:75":15,"s:39:2:44:Infinity":16}}}
,"/Users/mertaksehirlioglu/my-meal-tracker/composables/useFormValidation.ts": {"path":"/Users/mertaksehirlioglu/my-meal-tracker/composables/useFormValidation.ts","statementMap":{"0":{"start":{"line":3,"column":33},"end":{"line":67,"column":null}},"1":{"start":{"line":4,"column":35},"end":{"line":5,"column":null}},"2":{"start":{"line":5,"column":4},"end":{"line":5,"column":null}},"3":{"start":{"line":7,"column":35},"end":{"line":11,"column":null}},"4":{"start":{"line":8,"column":4},"end":{"line":8,"column":null}},"5":{"start":{"line":8,"column":63},"end":{"line":8,"column":null}},"6":{"start":{"line":9,"column":21},"end":{"line":9,"column":null}},"7":{"start":{"line":10,"column":4},"end":{"line":10,"column":null}},"8":{"start":{"line":13,"column":32},"end":{"line":14,"column":null}},"9":{"start":{"line":14,"column":4},"end":{"line":14,"column":null}},"10":{"start":{"line":17,"column":4},"end":{"line":21,"column":null}},"11":{"start":{"line":18,"column":4},"end":{"line":21,"column":null}},"12":{"start":{"line":19,"column":6},"end":{"line":21,"column":null}},"13":{"start":{"line":24,"column":4},"end":{"line":28,"column":null}},"14":{"start":{"line":25,"column":4},"end":{"line":28,"column":null}},"15":{"start":{"line":26,"column":6},"end":{"line":28,"column":null}},"16":{"start":{"line":31,"column":4},"end":{"line":35,"column":null}},"17":{"start":{"line":32,"column":4},"end":{"line":35,"column":null}},"18":{"start":{"line":33,"column":6},"end":{"line":35,"column":null}},"19":{"start":{"line":38,"column":21},"end":{"line":38,"column":null}},"20":{"start":{"line":39,"column":21},"end":{"line":39,"column":null}},"21":{"start":{"line":40,"column":18},"end":{"line":40,"column":null}},"22":{"start":{"line":41,"column":22},"end":{"line":41,"column":null}},"23":{"start":{"line":42,"column":22},"end":{"line":42,"column":null}},"24":{"start":{"line":43,"column":20},"end":{"line":43,"column":null}},"25":{"start":{"line":44,"column":18},"end":{"line":44,"column":null}},"26":{"start":{"line":47,"column":23},"end":{"line":47,"column":null}},"27":{"start":{"line":48,"column":23},"end":{"line":48,"column":null}},"28":{"start":{"line":50,"column":2},"end":{"line":66,"column":null}}},"fnMap":{"0":{"name":"(anonymous_0)","decl":{"start":{"line":3,"column":33},"end":{"line":3,"column":39}},"loc":{"start":{"line":3,"column":39},"end":{"line":67,"column":null}},"line":3},"1":{"name":"(anonymous_1)","decl":{"start":{"line":4,"column":35},"end":{"line":4,"column":36}},"loc":{"start":{"line":5,"column":4},"end":{"line":5,"column":null}},"line":5},"2":{"name":"(anonymous_2)","decl":{"start":{"line":7,"column":35},"end":{"line":7,"column":36}},"loc":{"start":{"line":7,"column":46},"end":{"line":11,"column":null}},"line":7},"3":{"name":"(anonymous_3)","decl":{"start":{"line":13,"column":32},"end":{"line":13,"column":33}},"loc":{"start":{"line":14,"column":4},"end":{"line":14,"column":null}},"line":14},"4":{"name":"(anonymous_4)","decl":{"start":{"line":17,"column":4},"end":{"line":17,"column":5}},"loc":{"start":{"line":18,"column":4},"end":{"line":21,"column":null}},"line":18},"5":{"name":"(anonymous_5)","decl":{"start":{"line":18,"column":4},"end":{"line":18,"column":5}},"loc":{"start":{"line":19,"column":6},"end":{"line":21,"column":null}},"line":19},"6":{"name":"(anonymous_6)","decl":{"start":{"line":24,"column":4},"end":{"line":24,"column":5}},"loc":{"start":{"line":25,"column":4},"end":{"line":28,"column":null}},"line":25},"7":{"name":"(anonymous_7)","decl":{"start":{"line":25,"column":4},"end":{"line":25,"column":5}},"loc":{"start":{"line":26,"column":6},"end":{"line":28,"column":null}},"line":26},"8":{"name":"(anonymous_8)","decl":{"start":{"line":31,"column":4},"end":{"line":31,"column":5}},"loc":{"start":{"line":32,"column":4},"end":{"line":35,"column":null}},"line":32},"9":{"name":"(anonymous_9)","decl":{"start":{"line":32,"column":4},"end":{"line":32,"column":5}},"loc":{"start":{"line":33,"column":6},"end":{"line":35,"column":null}},"line":33}},"branchMap":{"0":{"loc":{"start":{"line":5,"column":4},"end":{"line":5,"column":null}},"type":"binary-expr","locations":[{"start":{"line":5,"column":4},"end":{"line":5,"column":15}},{"start":{"line":5,"column":15},"end":{"line":5,"column":null}}],"line":5},"1":{"loc":{"start":{"line":8,"column":4},"end":{"line":8,"column":null}},"type":"if","locations":[{"start":{"line":8,"column":4},"end":{"line":8,"column":null}},{"start":{},"end":{}}],"line":8},"2":{"loc":{"start":{"line":8,"column":8},"end":{"line":8,"column":63}},"type":"binary-expr","locations":[{"start":{"line":8,"column":8},"end":{"line":8,"column":26}},{"start":{"line":8,"column":26},"end":{"line":8,"column":49}},{"start":{"line":8,"column":49},"end":{"line":8,"column":63}}],"line":8},"3":{"loc":{"start":{"line":10,"column":12},"end":{"line":10,"column":null}},"type":"binary-expr","locations":[{"start":{"line":10,"column":12},"end":{"line":10,"column":32}},{"start":{"line":10,"column":32},"end":{"line":10,"column":50}},{"start":{"line":10,"column":50},"end":{"line":10,"column":null}}],"line":10},"4":{"loc":{"start":{"line":14,"column":4},"end":{"line":14,"column":null}},"type":"binary-expr","locations":[{"start":{"line":14,"column":4},"end":{"line":14,"column":14}},{"start":{"line":14,"column":14},"end":{"line":14,"column":49}},{"start":{"line":14,"column":49},"end":{"line":14,"column":null}}],"line":14},"5":{"loc":{"start":{"line":19,"column":6},"end":{"line":21,"column":null}},"type":"binary-expr","locations":[{"start":{"line":19,"column":6},"end":{"line":19,"column":null}},{"start":{"line":20,"column":7},"end":{"line":20,"column":31}},{"start":{"line":20,"column":31},"end":{"line":20,"column":null}},{"start":{"line":21,"column":6},"end":{"line":21,"column":null}}],"line":19},"6":{"loc":{"start":{"line":26,"column":6},"end":{"line":28,"column":null}},"type":"binary-expr","locations":[{"start":{"line":26,"column":6},"end":{"line":26,"column":null}},{"start":{"line":27,"column":6},"end":{"line":27,"column":null}},{"start":{"line":28,"column":6},"end":{"line":28,"column":null}}],"line":26},"7":{"loc":{"start":{"line":33,"column":6},"end":{"line":35,"column":null}},"type":"binary-expr","locations":[{"start":{"line":33,"column":6},"end":{"line":33,"column":null}},{"start":{"line":34,"column":6},"end":{"line":34,"column":null}},{"start":{"line":35,"column":6},"end":{"line":35,"column":null}}],"line":33}},"s":{"0":1,"1":1,"2":8,"3":1,"4":9,"5":3,"6":6,"7":6,"8":1,"9":7,"10":1,"11":8,"12":17,"13":1,"14":1,"15":5,"16":1,"17":1,"18":5,"19":1,"20":1,"21":1,"22":1,"23":1,"24":1,"25":1,"26":1,"27":1,"28":1},"f":{"0":1,"1":8,"2":9,"3":7,"4":8,"5":17,"6":1,"7":5,"8":1,"9":5},"b":{"0":[8,5],"1":[3,6],"2":[9,8,7],"3":[6,5,3],"4":[7,4,2],"5":[17,14,12,4],"6":[5,3,1],"7":[5,3,1]},"meta":{"lastBranch":8,"lastFunction":10,"lastStatement":29,"seen":{"s:3:33:67:Infinity":0,"f:3:33:3:39":0,"s:4:35:5:Infinity":1,"f:4:35:4:36":1,"s:5:4:5:Infinity":2,"b:5:4:5:15:5:15:5:Infinity":0,"s:7:35:11:Infinity":3,"f:7:35:7:36":2,"b:8:4:8:Infinity:undefined:undefined:undefined:undefined":1,"s:8:4:8:Infinity":4,"b:8:8:8:26:8:26:8:49:8:49:8:63":2,"s:8:63:8:Infinity":5,"s:9:21:9:Infinity":6,"s:10:4:10:Infinity":7,"b:10:12:10:32:10:32:10:50:10:50:10:Infinity":3,"s:13:32:14:Infinity":8,"f:13:32:13:33":3,"s:14:4:14:Infinity":9,"b:14:4:14:14:14:14:14:49:14:49:14:Infinity":4,"s:17:4:21:Infinity":10,"f:17:4:17:5":4,"s:18:4:21:Infinity":11,"f:18:4:18:5":5,"s:19:6:21:Infinity":12,"b:19:6:19:Infinity:20:7:20:31:20:31:20:Infinity:21:6:21:Infinity":5,"s:24:4:28:Infinity":13,"f:24:4:24:5":6,"s:25:4:28:Infinity":14,"f:25:4:25:5":7,"s:26:6:28:Infinity":15,"b:26:6:26:Infinity:27:6:27:Infinity:28:6:28:Infinity":6,"s:31:4:35:Infinity":16,"f:31:4:31:5":8,"s:32:4:35:Infinity":17,"f:32:4:32:5":9,"s:33:6:35:Infinity":18,"b:33:6:33:Infinity:34:6:34:Infinity:35:6:35:Infinity":7,"s:38:21:38:Infinity":19,"s:39:21:39:Infinity":20,"s:40:18:40:Infinity":21,"s:41:22:41:Infinity":22,"s:42:22:42:Infinity":23,"s:43:20:43:Infinity":24,"s:44:18:44:Infinity":25,"s:47:23:47:Infinity":26,"s:48:23:48:Infinity":27,"s:50:2:66:Infinity":28}}}
,"/Users/mertaksehirlioglu/my-meal-tracker/composables/useMealPlanner.ts": {"path":"/Users/mertaksehirlioglu/my-meal-tracker/composables/useMealPlanner.ts","statementMap":{"0":{"start":{"line":11,"column":33},"end":{"line":11,"column":null}},"1":{"start":{"line":14,"column":8},"end":{"line":14,"column":null}},"2":{"start":{"line":15,"column":8},"end":{"line":15,"column":null}},"3":{"start":{"line":16,"column":8},"end":{"line":16,"column":null}},"4":{"start":{"line":18,"column":8},"end":{"line":18,"column":null}},"5":{"start":{"line":19,"column":8},"end":{"line":19,"column":null}},"6":{"start":{"line":20,"column":8},"end":{"line":20,"column":null}},"7":{"start":{"line":21,"column":8},"end":{"line":21,"column":null}},"8":{"start":{"line":26,"column":8},"end":{"line":33,"column":null}},"9":{"start":{"line":27,"column":40},"end":{"line":27,"column":null}},"10":{"start":{"line":28,"column":4},"end":{"line":31,"column":null}},"11":{"start":{"line":29,"column":19},"end":{"line":29,"column":null}},"12":{"start":{"line":29,"column":45},"end":{"line":29,"column":70}},"13":{"start":{"line":30,"column":6},"end":{"line":30,"column":null}},"14":{"start":{"line":32,"column":4},"end":{"line":32,"column":null}},"15":{"start":{"line":36,"column":8},"end":{"line":44,"column":null}},"16":{"start":{"line":37,"column":48},"end":{"line":37,"column":null}},"17":{"start":{"line":38,"column":4},"end":{"line":42,"column":null}},"18":{"start":{"line":39,"column":18},"end":{"line":39,"column":null}},"19":{"start":{"line":40,"column":6},"end":{"line":40,"column":null}},"20":{"start":{"line":40,"column":21},"end":{"line":40,"column":null}},"21":{"start":{"line":41,"column":6},"end":{"line":41,"column":null}},"22":{"start":{"line":43,"column":4},"end":{"line":43,"column":null}},"23":{"start":{"line":49,"column":4},"end":{"line":49,"column":null}},"24":{"start":{"line":50,"column":4},"end":{"line":50,"column":null}},"25":{"start":{"line":51,"column":4},"end":{"line":61,"column":null}},"26":{"start":{"line":52,"column":17},"end":{"line":52,"column":null}},"27":{"start":{"line":53,"column":18},"end":{"line":53,"column":null}},"28":{"start":{"line":54,"column":19},"end":{"line":54,"column":null}},"29":{"start":{"line":55,"column":6},"end":{"line":55,"column":null}},"30":{"start":{"line":55,"column":19},"end":{"line":55,"column":null}},"31":{"start":{"line":56,"column":6},"end":{"line":56,"column":null}},"32":{"start":{"line":58,"column":6},"end":{"line":58,"column":null}},"33":{"start":{"line":60,"column":6},"end":{"line":60,"column":null}},"34":{"start":{"line":65,"column":4},"end":{"line":65,"column":null}},"35":{"start":{"line":66,"column":4},"end":{"line":66,"column":null}},"36":{"start":{"line":67,"column":4},"end":{"line":78,"column":null}},"37":{"start":{"line":68,"column":18},"end":{"line":70,"column":null}},"38":{"start":{"line":71,"column":19},"end":{"line":71,"column":null}},"39":{"start":{"line":72,"column":6},"end":{"line":72,"column":null}},"40":{"start":{"line":72,"column":19},"end":{"line":72,"column":null}},"41":{"start":{"line":73,"column":6},"end":{"line":73,"column":null}},"42":{"start":{"line":75,"column":6},"end":{
[...]
olumn":null}},"51":{"start":{"line":333,"column":20},"end":{"line":333,"column":null}},"52":{"start":{"line":334,"column":41},"end":{"line":334,"column":null}},"53":{"start":{"line":341,"column":2},"end":{"line":397,"column":null}},"54":{"start":{"line":404,"column":8},"end":{"line":404,"column":null}},"55":{"start":{"line":405,"column":20},"end":{"line":405,"column":null}},"56":{"start":{"line":406,"column":41},"end":{"line":406,"column":null}},"57":{"start":{"line":413,"column":2},"end":{"line":524,"column":null}}},"fnMap":{"0":{"name":"getDemoData","decl":{"start":{"line":14,"column":15},"end":{"line":14,"column":29}},"loc":{"start":{"line":14,"column":29},"end":{"line":17,"column":null}},"line":14},"1":{"name":"getDemoMealsForToday","decl":{"start":{"line":19,"column":22},"end":{"line":19,"column":43}},"loc":{"start":{"line":19,"column":76},"end":{"line":25,"column":null}},"line":19},"2":{"name":"(anonymous_2)","decl":{"start":{"line":21,"column":30},"end":{"line":21,"column":31}},"loc":{"start":{"line":21,"column":41},"end":{"line":24,"column":4}},"line":21},"3":{"name":"getDemoMealsByDate","decl":{"start":{"line":27,"column":22},"end":{"line":27,"column":null}},"loc":{"start":{"line":30,"column":19},"end":{"line":36,"column":null}},"line":30},"4":{"name":"(anonymous_4)","decl":{"start":{"line":34,"column":12},"end":{"line":34,"column":13}},"loc":{"start":{"line":34,"column":22},"end":{"line":34,"column":64}},"line":34},"5":{"name":"(anonymous_5)","decl":{"start":{"line":35,"column":9},"end":{"line":35,"column":10}},"loc":{"start":{"line":35,"column":20},"end":{"line":35,"column":49}},"line":35},"6":{"name":"getDemoActiveGoals","decl":{"start":{"line":38,"column":22},"end":{"line":38,"column":41}},"loc":{"start":{"line":38,"column":76},"end":{"line":41,"column":null}},"line":38},"7":{"name":"getDemoUserProfile","decl":{"start":{"line":43,"column":22},"end":{"line":43,"column":null}},"loc":{"start":{"line":46,"column":17},"end":{"line":53,"column":null}},"line":46},"8":{"name":"getDemoTodayProgress","decl":{"start":{"line":55,"column":22},"end":{"line":55,"column":null}},"loc":{"start":{"line":57,"column":25},"end":{"line":76,"column":null}},"line":57},"9":{"name":"getDemoWeeklyProgress","decl":{"start":{"line":78,"column":22},"end":{"line":78,"column":69}},"loc":{"start":{"line":78,"column":69},"end":{"line":110,"column":null}},"line":78},"10":{"name":"getDemoSampleMealsAndGoals","decl":{"start":{"line":112,"column":22},"end":{"line":112,"column":51}},"loc":{"start":{"line":112,"column":51},"end":{"line":116,"column":null}},"line":112},"11":{"name":"getDemoFoodItems","decl":{"start":{"line":297,"column":16},"end":{"line":297,"column":33}},"loc":{"start":{"line":297,"column":61},"end":{"line":299,"column":null}},"line":297},"12":{"name":"plannerAddDays","decl":{"start":{"line":303,"column":9},"end":{"line":303,"column":24}},"loc":{"start":{"line":303,"column":60},"end":{"line":307,"column":null}},"line":303},"13":{"name":"getDemoPlannerTemplates","decl":{"start":{"line":309,"column":16},"end":{"line":309,"column":40}},"loc":{"start":{"line":309,"column":72},"end":{"line":326,"column":null}},"line":309},"14":{"name":"(anonymous_14)","decl":{"start":{"line":311,"column":37},"end":{"line":311,"column":38}},"loc":{"start":{"line":311,"column":45},"end":{"line":325,"column":4}},"line":311},"15":{"name":"getDemoPlannerInventory","decl":{"start":{"line":328,"column":16},"end":{"line":328,"column":null}},"loc":{"start":{"line":331,"column":19},"end":{"line":398,"column":null}},"line":331},"16":{"name":"getDemoPlannerSlots","decl":{"start":{"line":400,"column":16},"end":{"line":400,"column":null}},"loc":{"start":{"line":403,"column":18},"end":{"line":525,"column":null}},"line":403}},"branchMap":{"0":{"loc":{"start":{"line":51,"column":11},"end":{"line":51,"column":null}},"type":"binary-expr","locations":[{"start":{"line":51,"column":11},"end":{"line":51,"column":20}},{"start":{"line":51,"column":20},"end":{"line":51,"column":null}}],"line":51},"1":{"loc":{"start":{"line":61,"column":2},"end":{"line":63,"column":null}},"type":"if","locations":[{"start":{"line":61,"column":2},"end":{"line":63,"column":null}},{"start":{},"end":{}}],"line":61},"2":{"loc":{"start":{"line":100,"column":4},"end":{"line":106,"column":null}},"type":"if","locations":[{"start":{"line":100,"column":4},"end":{"line":106,"column":null}},{"start":{},"end":{}}],"line":100},"3":{"loc":{"start":{"line":101,"column":33},"end":{"line":101,"column":null}},"type":"binary-expr","locations":[{"start":{"line":101,"column":33},"end":{"line":101,"column":56}},{"start":{"line":101,"column":56},"end":{"line":101,"column":null}}],"line":101},"4":{"loc":{"start":{"line":102,"column":32},"end":{"line":102,"column":null}},"type":"binary-expr","locations":[{"start":{"line":102,"column":32},"end":{"line":102,"column":54}},{"start":{"line":102,"column":54},"end":{"line":102,"column":null}}],"line":102},"5":{"loc":{"start":{"line":103,"column":30},"end":{"line":103,"column":null}},"type":"binary-expr","locations":[{"start":{"line":103,"column":30},"end":{"line":103,"column":50}},{"start":{"line":103,"column":50},"end":{"line":103,"column":null}}],"line":103},"6":{"loc":{"start":{"line":104,"column":28},"end":{"line":104,"column":null}},"type":"binary-expr","locations":[{"start":{"line":104,"column":28},"end":{"line":104,"column":46}},{"start":{"line":104,"column":46},"end":{"line":104,"column":null}}],"line":104},"7":{"loc":{"start":{"line":298,"column":9},"end":{"line":298,"column":null}},"type":"binary-expr","locations":[{"start":{"line":298,"column":9},"end":{"line":298,"column":36}},{"start":{"line":298,"column":36},"end":{"line":298,"column":null}}],"line":298}},"s":{"0":0,"1":0,"2":0,"3":0,"4":0,"5":0,"6":0,"7":0,"8":0,"9":0,"10":0,"11":0,"12":0,"13":0,"14":0,"15":0,"16":0,"17":0,"18":0,"19":0,"20":0,"21":0,"22":0,"23":0,"24":0,"25":0,"26":0,"27":0,"28":0,"29":0,"30":0,"31":0,"32":0,"33":0,"34":0,"35":0,"36":0,"37":0,"38":0,"39":0,"40":0,"41":0,"42":0,"43":0,"44":0,"45":0,"46":0,"47":0,"48":0,"49":0,"50":0,"51":0,"52":0,"53":0,"54":0,"55":0,"56":0,"57":0},"f":{"0":0,"1":0,"2":0,"3":0,"4":0,"5":0,"6":0,"7":0,"8":0,"9":0,"10":0,"11":0,"12":0,"13":0,"14":0,"15":0,"16":0},"b":{"0":[0,0],"1":[0,0],"2":[0,0],"3":[0,0],"4":[0,0],"5":[0,0],"6":[0,0],"7":[0,0]},"meta":{"lastBranch":8,"lastFunction":17,"lastStatement":58,"seen":{"f:14:15:14:29":0,"s:15:26:15:Infinity":0,"s:16:2:16:Infinity":1,"f:19:22:19:43":1,"s:20:29:20:Infinity":2,"s:21:2:24:Infinity":3,"f:21:30:21:31":2,"s:21:41:24:4":4,"f:27:22:27:Infinity":3,"s:31:24:31:Infinity":5,"s:32:18:32:Infinity":6,"s:33:2:35:Infinity":7,"f:34:12:34:13":4,"s:34:22:34:64":8,"f:35:9:35:10":5,"s:35:20:35:49":9,"f:38:22:38:41":6,"s:39:24:39:Infinity":10,"s:40:2:40:Infinity":11,"f:43:22:43:Infinity":7,"s:47:23:47:Infinity":12,"s:48:2:52:Infinity":13,"b:51:11:51:20:51:20:51:Infinity":0,"f:55:22:55:Infinity":8,"s:58:32:58:Infinity":14,"s:59:19:59:Infinity":15,"b:61:2:63:Infinity:undefined:undefined:undefined:undefined":1,"s:61:2:63:Infinity":16,"s:62:4:62:Infinity":17,"s:65:16:65:Infinity":18,"s:66:2:75:Infinity":19,"f:78:22:78:69":9,"s:79:24:79:Infinity":20,"s:80:16:80:Infinity":21,"s:81:19:81:Infinity":22,"s:83:2:95:Infinity":23,"s:83:15:83:18":24,"s:84:14:84:Infinity":25,"s:85:4:85:Infinity":26,"s:86:16:86:Infinity":27,"s:87:4:94:Infinity":28,"s:97:2:107:Infinity":29,"s:98:16:98:Infinity":30,"s:99:21:99:Infinity":31,"b:100:4:106:Infinity:undefined:undefined:undefined:undefined":2,"s:100:4:106:Infinity":32,"s:101:6:101:Infinity":33,"b:101:33:101:56:101:56:101:Infinity":3,"s:102:6:102:Infinity":34,"b:102:32:102:54:102:54:102:Infinity":4,"s:103:6:103:Infinity":35,"b:103:30:103:50:103:50:103:Infinity":5,"s:104:6:104:Infinity":36,"b:104:28:104:46:104:46:104:Infinity":6,"s:105:6:105:Infinity":37,"s:109:2:109:Infinity":38,"f:112:22:112:51":10,"s:113:40:113:Infinity":39,"s:114:16:114:Infinity":40,"s:115:2:115:Infinity":41,"s:118:52:295:Infinity":42,"f:297:16:297:33":11,"s:298:2:298:Infinity":43,"b:298:9:298:36:298:36:298:Infinity":7,"f:303:9:303:24":12,"s:304:12:304:Infinity":44,"s:305:2:305:Infinity":45,"s:306:2:306:Infinity":46,"f:309:16:309:40":13,"s:310:8:310:Infinity":47,"s:311:2:325:Infinity":48,"f:311:37:311:38":14,"s:311:45:325:4":49,"f:328:16:328:Infinity":15,"s:332:8:332:Infinity":50,"s:333:20:333:Infinity":51,"s:334:41:334:Infinity":52,"s:341:2:397:Infinity":53,"f:400:16:400:Infinity":16,"s:404:8:404:Infinity":54,"s:405:20:405:Infinity":55,"s:406:41:406:Infinity":56,"s:413:2:524:Infinity":57}}}
,"/Users/mertaksehirlioglu/my-meal-tracker/server/utils/demo.ts": {"path":"/Users/mertaksehirlioglu/my-meal-tracker/server/utils/demo.ts","statementMap":{"0":{"start":{"line":7,"column":16},"end":{"line":7,"column":null}},"1":{"start":{"line":8,"column":2},"end":{"line":10,"column":null}},"2":{"start":{"line":9,"column":4},"end":{"line":9,"column":null}},"3":{"start":{"line":11,"column":2},"end":{"line":11,"column":null}},"4":{"start":{"line":20,"column":2},"end":{"line":20,"column":null}},"5":{"start":{"line":29,"column":15},"end":{"line":29,"column":null}},"6":{"start":{"line":30,"column":2},"end":{"line":30,"column":null}},"7":{"start":{"line":30,"column":13},"end":{"line":30,"column":null}},"8":{"start":{"line":31,"column":2},"end":{"line":31,"column":null}},"9":{"start":{"line":40,"column":2},"end":{"line":47,"column":null}},"10":{"start":{"line":41,"column":4},"end":{"line":46,"column":null}},"11":{"start":{"line":56,"column":2},"end":{"line":64,"column":null}},"12":{"start":{"line":73,"column":2},"end":{"line":73,"column":null}},"13":{"start":{"line":79,"column":27},"end":{"line":96,"column":null}},"14":{"start":{"line":81,"column":4},"end":{"line":81,"column":null}},"15":{"start":{"line":103,"column":16},"end":{"line":103,"column":null}},"16":{"start":{"line":105,"column":19},"end":{"line":105,"column":null}},"17":{"start":{"line":107,"column":2},"end":{"line":109,"column":null}},"18":{"start":{"line":108,"column":4},"end":{"line":108,"column":null}},"19":{"start":{"line":111,"column":2},"end":{"line":111,"column":null}}},"fnMap":{"0":{"name":"getDemoUserEmail","decl":{"start":{"line":6,"column":9},"end":{"line":6,"column":36}},"loc":{"start":{"line":6,"column":36},"end":{"line":12,"column":null}},"line":6},"1":{"name":"isDemoUser","decl":{"start":{"line":19,"column":16},"end":{"line":19,"column":27}},"loc":{"start":{"line":19,"column":61},"end":{"line":21,"column":null}},"line":19},"2":{"name":"isDemoUserFromEvent","decl":{"start":{"line":28,"column":16},"end":{"line":28,"column":36}},"loc":{"start":{"line":28,"column":61},"end":{"line":32,"column":null}},"line":28},"3":{"name":"blockDemoUserWrite","decl":{"start":{"line":39,"column":16},"end":{"line":39,"column":35}},"loc":{"start":{"line":39,"column":57},"end":{"line":48,"column":null}},"line":39},"4":{"name":"createDemoBlockedError","decl":{"start":{"line":55,"column":16},"end":{"line":55,"column":39}},"loc":{"start":{"line":55,"column":72},"end":{"line":65,"column":null}},"line":55},"5":{"name":"validateDemoUser","decl":{"start":{"line":72,"column":16},"end":{"line":72,"column":33}},"loc":{"start":{"line":72,"column":67},"end":{"line":74,"column":null}},"line":72},"6":{"name":"(anonymous_6)","decl":{"start":{"line":80,"column":6},"end":{"line":80,"column":14}},"loc":{"start":{"line":80,"column":14},"end":{"line":82,"column":null}},"line":80},"7":{"name":"getDemoCredentials","decl":{"start":{"line":102,"column":16},"end":{"line":102,"column":37}},"loc":{"start":{"line":102,"column":37},"end":{"line":112,"column":null}},"line":102}},"branchMap":{"0":{"loc":{"start":{"line":8,"column":2},"end":{"line":10,"column":null}},"type":"if","locations":[{"start":{"line":8,"column":2},"end":{"line":10,"column":null}},{"start":{},"end":{}}],"line":8},"1":{"loc":{"start":{"line":30,"column":2},"end":{"line":30,"column":null}},"type":"if","locations":[{"start":{"line":30,"column":2},"end":{"line":30,"column":null}},{"start":{},"end":{}}],"line":30},"2":{"loc":{"start":{"line":40,"column":2},"end":{"line":47,"column":null}},"type":"if","locations":[{"start":{"line":40,"column":2},"end":{"line":47,"column":null}},{"start":{},"end":{}}],"line":40},"3":{"loc":{"start":{"line":55,"column":39},"end":{"line":55,"column":72}},"type":"default-arg","locations":[{"start":{"line":55,"column":59},"end":{"line":55,"column":72}}],"line":55},"4":{"loc":{"start":{"line":73,"column":9},"end":{"line":73,"column":null}},"type":"binary-expr","locations":[{"start":{"line":73,"column":9},"end":{"line":73,"column":46}},{"start":{"line":73,"column":46},"end":{"line":73,"column":null}}],"line":73},"5":{"loc":{"start":{"line":107,"column":2},"end":{"line":109,"column":null}},"type":"if","locations":[{"start":{"line":107,"column":2},"end":{"line":109,"column":null}},{"start":{},"end":{}}],"line":107}},"s":{"0":10,"1":10,"2":1,"3":9,"4":5,"5":3,"6":3,"7":1,"8":2,"9":0,"10":0,"11":4,"12":2,"13":1,"14":1,"15":2,"16":2,"17":2,"18":1,"19":1},"f":{"0":10,"1":5,"2":3,"3":0,"4":4,"5":2,"6":1,"7":2},"b":{"0":[1,9],"1":[1,2],"2":[0,0],"3":[4],"4":[2,1],"5":[1,1]},"meta":{"lastBranch":6,"lastFunction":8,"lastStatement":20,"seen":{"f:6:9:6:36":0,"s:7:16:7:Infinity":0,"b:8:2:10:Infinity:undefined:undefined:undefined:undefined":0,"s:8:2:10:Infinity":1,"s:9:4:9:Infinity":2,"s:11:2:11:Infinity":3,"f:19:16:19:27":1,"s:20:2:20:Infinity":4,"f:28:16:28:36":2,"s:29:15:29:Infinity":5,"b:30:2:30:Infinity:undefined:undefined:undefined:undefined":1,"s:30:2:30:Infinity":6,"s:30:13:30:Infinity":7,"s:31:2:31:Infinity":8,"f:39:16:39:35":3,"b:40:2:47:Infinity:undefined:undefined:undefined:undefined":2,"s:40:2:47:Infinity":9,"s:41:4:46:Infinity":10,"f:55:16:55:39":4,"b:55:59:55:72":3,"s:56:2:64:Infinity":11,"f:72:16:72:33":5,"s:73:2:73:Infinity":12,"b:73:9:73:46:73:46:73:Infinity":4,"s:79:27:96:Infinity":13,"f:80:6:80:14":6,"s:81:4:81:Infinity":14,"f:102:16:102:37":7,"s:103:16:103:Infinity":15,"s:105:19:105:Infinity":16,"b:107:2:109:Infinity:undefined:undefined:undefined:undefined":5,"s:107:2:109:Infinity":17,"s:108:4:108:Infinity":18,"s:111:2:111:Infinity":19}}}
,"/Users/mertaksehirlioglu/my-meal-tracker/server/utils/mock-user.ts": {"path":"/Users/mertaksehirlioglu/my-meal-tracker/server/utils/mock-user.ts","statementMap":{"0":{"start":{"line":8,"column":2},"end":{"line":22,"column":null}}},"fnMap":{"0":{"name":"createMockUser","decl":{"start":{"line":7,"column":16},"end":{"line":7,"column":39}},"loc":{"start":{"line":7,"column":39},"end":{"line":23,"column":null}},"line":7}},"branchMap":{},"s":{"0":0},"f":{"0":0},"b":{},"meta":{"lastBranch":0,"lastFunction":1,"lastStatement":1,"seen":{"f:7:16:7:39":0,"s:8:2:22:Infinity":0}}}
,"/Users/mertaksehirlioglu/my-meal-tracker/server/utils/rate-limit.ts": {"path":"/Users/mertaksehirlioglu/my-meal-tracker/server/utils/rate-limit.ts","statementMap":{"0":{"start":{"line":2,"column":23},"end":{"line":2,"column":null}},"1":{"start":{"line":4,"column":19},"end":{"line":7,"column":null}},"2":{"start":{"line":14,"column":14},"end":{"line":14,"column":null}},"3":{"start":{"line":15,"column":14},"end":{"line":15,"column":null}},"4":{"start":{"line":17,"column":18},"end":{"line":17,"column":null}},"5":{"start":{"line":19,"column":2},"end":{"line":22,"column":null}},"6":{"start":{"line":20,"column":4},"end":{"line":20,"column":null}},"7":{"start":{"line":21,"column":4},"end":{"line":21,"column":null}},"8":{"start":{"line":24,"column":2},"end":{"line":30,"column":null}},"9":{"start":{"line":25,"column":4},"end":{"line":29,"column":null}},"10":{"start":{"line":32,"column":2},"end":{"line":32,"column":null}}},"fnMap":{"0":{"name":"applyRateLimit","decl":{"start":{"line":13,"column":16},"end":{"line":13,"column":31}},"loc":{"start":{"line":13,"column":63},"end":{"line":33,"column":null}},"line":13}},"branchMap":{"0":{"loc":{"start":{"line":19,"column":2},"end":{"line":22,"column":null}},"type":"if","locations":[{"start":{"line":19,"column":2},"end":{"line":22,"column":null}},{"start":{},"end":{}}],"line":19},"1":{"loc":{"start":{"line":19,"column":6},"end":{"line":19,"column":43}},"type":"binary-expr","locations":[{"start":{"line":19,"column":6},"end":{"line":19,"column":18}},{"start":{"line":19,"column":18},"end":{"line":19,"column":43}}],"line":19},"2":{"loc":{"start":{"line":24,"column":2},"end":{"line":30,"column":null}},"type":"if","locations":[{"start":{"line":24,"column":2},"end":{"line":30,"column":null}},{"start":{},"end":{}}],"line":24}},"s":{"0":5,"1":5,"2":406,"3":406,"4":406,"5":406,"6":8,"7":8,"8":398,"9":2,"10":396},"f":{"0":406},"b":{"0":[8,398],"1":[406,399],"2":[2,396]},"meta":{"lastBranch":3,"lastFunction":1,"lastStatement":11,"seen":{"s:2:23:2:Infinity":0,"s:4:19:7:Infinity":1,"f:13:16:13:31":0,"s:14:14:14:Infinity":2,"s:15:14:15:Infinity":3,"s:17:18:17:Infinity":4,"b:19:2:22:Infinity:undefined:undefined:undefined:undefined":0,"s:19:2:22:Infinity":5,"b:19:6:19:18:19:18:19:43":1,"s:20:4:20:Infinity":6,"s:21:4:21:Infinity":7,"b:24:2:30:Infinity:undefined:undefined:undefined:undefined":2,"s:24:2:30:Infinity":8,"s:25:4:29:Infinity":9,"s:32:2:32:Infinity":10}}}
,"/Users/mertaksehirlioglu/my-meal-tracker/server/utils/supabase.ts": {"path":"/Users/mertaksehirlioglu/my-meal-tracker/server/utils/supabase.ts","statementMap":{"0":{"start":{"line":5,"column":22},"end":{"line":5,"column":null}},"1":{"start":{"line":6,"column":22},"end":{"line":6,"column":null}},"2":{"start":{"line":8,"column":2},"end":{"line":13,"column":null}},"3":{"start":{"line":9,"column":4},"end":{"line":12,"column":null}},"4":{"start":{"line":15,"column":2},"end":{"line":15,"column":null}},"5":{"start":{"line":18,"column":37},"end":{"line":18,"column":null}},"6":{"start":{"line":26,"column":2},"end":{"line":29,"column":null}},"7":{"start":{"line":27,"column":41},"end":{"line":27,"column":null}},"8":{"start":{"line":28,"column":4},"end":{"line":28,"column":null}},"9":{"start":{"line":30,"column":2},"end":{"line":30,"column":null}},"10":{"start":{"line":39,"column":39},"end":{"line":39,"column":null}},"11":{"start":{"line":40,"column":2},"end":{"line":42,"column":null}}},"fnMap":{"0":{"name":"getSupabaseConfig","decl":{"start":{"line":4,"column":9},"end":{"line":4,"column":75}},"loc":{"start":{"line":4,"column":75},"end":{"line":16,"column":null}},"line":4},"1":{"name":"getSupabaseClient","decl":{"start":{"line":25,"column":16},"end":{"line":25,"column":52}},"loc":{"start":{"line":25,"column":52},"end":{"line":31,"column":null}},"line":25},"2":{"name":"getSupabaseClientWithAuth","decl":{"start":{"line":38,"column":16},"end":{"line":38,"column":42}},"loc":{"start":{"line":38,"column":73},"end":{"line":43,"column":null}},"line":38}},"branchMap":{"0":{"loc":{"start":{"line":8,"column":2},"end":{"line":13,"column":null}},"type":"if","locations":[{"start":{"line":8,"column":2},"end":{"line":13,"column":null}},{"start":{},"end":{}}],"line":8},"1":{"loc":{"start":{"line":8,"column":6},"end":{"line":8,"column":36}},"type":"binary-expr","locations":[{"start":{"line":8,"column":6},"end":{"line":8,"column":22}},{"start":{"line":8,"column":22},"end":{"line":8,"column":36}}],"line":8},"2":{"loc":{"start":{"line":26,"column":2},"end":{"line":29,"column":null}},"type":"if","locations":[{"start":{"line":26,"column":2},"end":{"line":29,"column":null}},{"start":{},"end":{}}],"line":26}},"s":{"0":0,"1":0,"2":0,"3":0,"4":0,"5":0,"6":0,"7":0,"8":0,"9":0,"10":0,"11":0},"f":{"0":0,"1":0,"2":0},"b":{"0":[0,0],"1":[0,0],"2":[0,0]},"meta":{"lastBranch":3,"lastFunction":3,"lastStatement":12,"seen":{"f:4:9:4:75":0,"s:5:22:5:Infinity":0,"s:6:22:6:Infinity":1,"b:8:2:13:Infinity:undefined:undefined:undefined:undefined":0,"s:8:2:13:Infinity":2,"b:8:6:8:22:8:22:8:36":1,"s:9:4:12:Infinity":3,"s:15:2:15:Infinity":4,"s:18:37:18:Infinity":5,"f:25:16:25:52":1,"b:26:2:29:Infinity:undefined:undefined:undefined:undefined":2,"s:26:2:29:Infinity":6,"s:27:41:27:Infinity":7,"s:28:4:28:Infinity":8,"s:30:2:30:Infinity":9,"f:38:16:38:42":2,"s:39:39:39:Infinity":10,"s:40:2:42:Infinity":11}}}
}
